<?xml version="1.0" encoding="UTF-8"?>
<testsuite name="tests.AppletTest" tests="45" skipped="0" failures="0" errors="0" timestamp="2023-05-01T14:19:50" hostname="jan-G11CB" time="1.277">
  <properties/>
  <testcase name="simple_applet_test()" classname="tests.AppletTest" time="0.123"/>
  <testcase name="policy_not_using_storage_test1()" classname="tests.AppletTest" time="0.009"/>
  <testcase name="policy_not_using_storage_test2()" classname="tests.AppletTest" time="0.012"/>
  <testcase name="PSBT2_mint_outputs_test()" classname="tests.AppletTest" time="0.028"/>
  <testcase name="applet_signed_time_test()" classname="tests.AppletTest" time="0.265"/>
  <testcase name="applet_exact_total_output_test()" classname="tests.AppletTest" time="0.034"/>
  <testcase name="applet_minOwSS_test1()" classname="tests.AppletTest" time="0.038"/>
  <testcase name="applet_minOwSS_test2()" classname="tests.AppletTest" time="0.029"/>
  <testcase name="applet_minOwSS_test3()" classname="tests.AppletTest" time="0.036"/>
  <testcase name="littleEndianCompareTest()" classname="tests.AppletTest" time="0.001"/>
  <testcase name="applet_min_total_outputs_test2()" classname="tests.AppletTest" time="0.024"/>
  <testcase name="applet_secret()" classname="tests.AppletTest" time="0.021"/>
  <testcase name="applet_simple_sign_test()" classname="tests.AppletTest" time="0.091"/>
  <testcase name="applet_simple_gen_test()" classname="tests.AppletTest" time="0.088"/>
  <testcase name="applet_max_total_outputs_test()" classname="tests.AppletTest" time="0.012"/>
  <testcase name="applet_signed_PSBT_test()" classname="tests.AppletTest" time="0.104"/>
  <testcase name="hell()" classname="tests.AppletTest" time="0.003"/>
  <testcase name="hello()" classname="tests.AppletTest" time="0.002"/>
  <testcase name="PSBT2_two_exact_outputs_wSS_test()" classname="tests.AppletTest" time="0.015"/>
  <testcase name="oneTestToRuleThemAll()" classname="tests.AppletTest" time="0.0"/>
  <testcase name="applet_two_exact_outputs_wSS_test()" classname="tests.AppletTest" time="0.025"/>
  <testcase name="transaction01()" classname="tests.AppletTest" time="0.013"/>
  <testcase name="transaction02()" classname="tests.AppletTest" time="0.011"/>
  <testcase name="transaction03()" classname="tests.AppletTest" time="0.012"/>
  <testcase name="transaction04()" classname="tests.AppletTest" time="0.01"/>
  <testcase name="transaction05()" classname="tests.AppletTest" time="0.008"/>
  <testcase name="transaction06()" classname="tests.AppletTest" time="0.012"/>
  <testcase name="transaction07()" classname="tests.AppletTest" time="0.008"/>
  <testcase name="transaction08()" classname="tests.AppletTest" time="0.016"/>
  <testcase name="transaction09()" classname="tests.AppletTest" time="0.005"/>
  <testcase name="transaction10()" classname="tests.AppletTest" time="0.004"/>
  <testcase name="transaction11()" classname="tests.AppletTest" time="0.004"/>
  <testcase name="transaction12()" classname="tests.AppletTest" time="0.006"/>
  <testcase name="transaction13()" classname="tests.AppletTest" time="0.006"/>
  <testcase name="transaction14()" classname="tests.AppletTest" time="0.007"/>
  <testcase name="transaction15()" classname="tests.AppletTest" time="0.005"/>
  <testcase name="PSBT2_maxt_outputs_test()" classname="tests.AppletTest" time="0.016"/>
  <testcase name="applet_max_total_outputs_test2()" classname="tests.AppletTest" time="0.01"/>
  <testcase name="applet_live_through_with_transaction1()" classname="tests.AppletTest" time="0.021"/>
  <testcase name="applet_min_total_outputs_test()" classname="tests.AppletTest" time="0.013"/>
  <testcase name="applet_maxOwSS_test1()" classname="tests.AppletTest" time="0.015"/>
  <testcase name="applet_maxOwSS_test2()" classname="tests.AppletTest" time="0.007"/>
  <testcase name="applet_maxOwSS_test3()" classname="tests.AppletTest" time="0.006"/>
  <testcase name="simpleDeletion_OfAccessibleSpace_applet_test()" classname="tests.AppletTest" time="0.046"/>
  <testcase name="applet_2_out_of_3_secret_test()" classname="tests.AppletTest" time="0.028"/>
  <system-out><![CDATA[DEBUG | 2023-05-01 16:19:50 | [Test worker] client.Util:120 | --> [0000000000] (5 B)
DEBUG | 2023-05-01 16:19:50 | [Test worker] client.Util:120 | --> [0000000000] (5 B)
DEBUG | 2023-05-01 16:19:50 | [Test worker] client.Util:130 | <-- 9000
DEBUG | 2023-05-01 16:19:50 | [Test worker] client.Util:130 | <-- 9000
DEBUG | 2023-05-01 16:19:50 | [Test worker] client.Util:133 | Elapsed time 1 ms
DEBUG | 2023-05-01 16:19:50 | [Test worker] client.Util:120 | --> [00010000FA70736274FF0100750200000001268171371EDFF285E937ADEEA4B37B78000C0566CBB3AD64641713CA42171BF60000000000FEFFFFFF02D3DFF505000000001976A914D0C59903C5BAC2868760E90FD521A4665AA7652088AC00E1F5050000000017A9143545E6E33B832C47050F24D3EEB93C9C03948BC787B32E1300000100FDA5010100000000010289A3C71EAB4D20E0371BBBA4CC698FA295C9463AFA2E397F8533CCB62F9567E50100000017160014BE18D152A9B012039DAF3DA7DE4F53349EECB985FFFFFFFF86F8AA43A71DFF1448893A530A7237EF6B4608BBB2DD2D0171E63AEC6A4890B40100000017160014FE3E9EF1A745E974] (255 B)
DEBUG | 2023-05-01 16:19:50 | [Test worker] client.Util:120 | --> [00010000FA70736274FF0100750200000001268171371EDFF285E937ADEEA4B37B78000C0566CBB3AD64641713CA42171BF60000000000FEFFFFFF02D3DFF505000000001976A914D0C59903C5BAC2868760E90FD521A4665AA7652088AC00E1F5050000000017A9143545E6E33B832C47050F24D3EEB93C9C03948BC787B32E1300000100FDA5010100000000010289A3C71EAB4D20E0371BBBA4CC698FA295C9463AFA2E397F8533CCB62F9567E50100000017160014BE18D152A9B012039DAF3DA7DE4F53349EECB985FFFFFFFF86F8AA43A71DFF1448893A530A7237EF6B4608BBB2DD2D0171E63AEC6A4890B40100000017160014FE3E9EF1A745E974] (255 B)
DEBUG | 2023-05-01 16:19:50 | [Test worker] client.Util:130 | <-- 9000
DEBUG | 2023-05-01 16:19:50 | [Test worker] client.Util:130 | <-- 9000
DEBUG | 2023-05-01 16:19:50 | [Test worker] client.Util:133 | Elapsed time 4 ms
DEBUG | 2023-05-01 16:19:50 | [Test worker] client.Util:120 | --> [00010000FAD902C4355943ABCB34BD5353FFFFFFFF0200C2EB0B000000001976A91485CFF1097FD9E008BB34AF709C62197B38978A4888AC72FEF84E2C00000017A914339725BA21EFD62AC753A9BCD067D6C7A6A39D05870247304402202712BE22E0270F394F568311DC7CA9A68970B8025FDD3B240229F07F8A5F3A240220018B38D7DCD314E734C9276BD6FB40F673325BC4BAA144C800D2F2F02DB2765C012103D2E15674941BAD4A996372CB87E1856D3652606D98562FE39C5E9E7E413F210502483045022100D12B852D85DCD961D2F5F4AB660654DF6EEDCC794C0C33CE5CC309FFB5FCE58D022067338A8E0E1725C197FB1A88AF59F51E44E425] (255 B)
DEBUG | 2023-05-01 16:19:50 | [Test worker] client.Util:120 | --> [00010000FAD902C4355943ABCB34BD5353FFFFFFFF0200C2EB0B000000001976A91485CFF1097FD9E008BB34AF709C62197B38978A4888AC72FEF84E2C00000017A914339725BA21EFD62AC753A9BCD067D6C7A6A39D05870247304402202712BE22E0270F394F568311DC7CA9A68970B8025FDD3B240229F07F8A5F3A240220018B38D7DCD314E734C9276BD6FB40F673325BC4BAA144C800D2F2F02DB2765C012103D2E15674941BAD4A996372CB87E1856D3652606D98562FE39C5E9E7E413F210502483045022100D12B852D85DCD961D2F5F4AB660654DF6EEDCC794C0C33CE5CC309FFB5FCE58D022067338A8E0E1725C197FB1A88AF59F51E44E425] (255 B)
DEBUG | 2023-05-01 16:19:50 | [Test worker] client.Util:130 | <-- 9000
DEBUG | 2023-05-01 16:19:50 | [Test worker] client.Util:130 | <-- 9000
DEBUG | 2023-05-01 16:19:50 | [Test worker] client.Util:133 | Elapsed time 3 ms
DEBUG | 2023-05-01 16:19:50 | [Test worker] client.Util:120 | --> [00010000375B20167C8684031C05D1F2592A01210223B72BEEF0965D10BE0778EFECD61FCAC6F79A4EA169393380734464F84F2AB300000000000000] (60 B)
DEBUG | 2023-05-01 16:19:50 | [Test worker] client.Util:120 | --> [00010000375B20167C8684031C05D1F2592A01210223B72BEEF0965D10BE0778EFECD61FCAC6F79A4EA169393380734464F84F2AB300000000000000] (60 B)
DEBUG | 2023-05-01 16:19:50 | [Test worker] client.Util:130 | <-- 9000
DEBUG | 2023-05-01 16:19:50 | [Test worker] client.Util:130 | <-- 9000
DEBUG | 2023-05-01 16:19:50 | [Test worker] client.Util:133 | Elapsed time 1 ms
DEBUG | 2023-05-01 16:19:50 | [Test worker] client.Util:120 | --> [0002000000] (5 B)
DEBUG | 2023-05-01 16:19:50 | [Test worker] client.Util:120 | --> [0002000000] (5 B)
DEBUG | 2023-05-01 16:19:50 | [Test worker] client.Util:130 | <-- 9000
DEBUG | 2023-05-01 16:19:50 | [Test worker] client.Util:130 | <-- 9000
DEBUG | 2023-05-01 16:19:50 | [Test worker] client.Util:133 | Elapsed time 1 ms
DEBUG | 2023-05-01 16:19:50 | [Test worker] client.Util:120 | --> [0200000000] (5 B)
DEBUG | 2023-05-01 16:19:50 | [Test worker] client.Util:120 | --> [0200000000] (5 B)
DEBUG | 2023-05-01 16:19:50 | [Test worker] client.Util:130 | <-- 9000
DEBUG | 2023-05-01 16:19:50 | [Test worker] client.Util:130 | <-- 9000
DEBUG | 2023-05-01 16:19:50 | [Test worker] client.Util:133 | Elapsed time 1 ms
DEBUG | 2023-05-01 16:19:50 | [Test worker] client.Util:120 | --> [020100000A01020304050102030405] (15 B)
DEBUG | 2023-05-01 16:19:50 | [Test worker] client.Util:120 | --> [020100000A01020304050102030405] (15 B)
DEBUG | 2023-05-01 16:19:50 | [Test worker] client.Util:130 | <-- 9000
DEBUG | 2023-05-01 16:19:50 | [Test worker] client.Util:130 | <-- 9000
DEBUG | 2023-05-01 16:19:50 | [Test worker] client.Util:133 | Elapsed time 1 ms
DEBUG | 2023-05-01 16:19:50 | [Test worker] client.Util:120 | --> [0202000000] (5 B)
DEBUG | 2023-05-01 16:19:50 | [Test worker] client.Util:120 | --> [0202000000] (5 B)
DEBUG | 2023-05-01 16:19:50 | [Test worker] client.Util:130 | <-- 9000
DEBUG | 2023-05-01 16:19:50 | [Test worker] client.Util:130 | <-- 9000
DEBUG | 2023-05-01 16:19:50 | [Test worker] client.Util:120 | --> [0100000000] (5 B)
DEBUG | 2023-05-01 16:19:50 | [Test worker] client.Util:120 | --> [0100000000] (5 B)
DEBUG | 2023-05-01 16:19:50 | [Test worker] client.Util:130 | <-- 9000
DEBUG | 2023-05-01 16:19:50 | [Test worker] client.Util:130 | <-- 9000
DEBUG | 2023-05-01 16:19:50 | [Test worker] client.Util:133 | Elapsed time 1 ms
DEBUG | 2023-05-01 16:19:50 | [Test worker] client.Util:120 | --> [010100000B0A000D04010D05010D0A00] (16 B)
DEBUG | 2023-05-01 16:19:50 | [Test worker] client.Util:120 | --> [010100000B0A000D04010D05010D0A00] (16 B)
DEBUG | 2023-05-01 16:19:50 | [Test worker] client.Util:130 | <-- 9000
DEBUG | 2023-05-01 16:19:50 | [Test worker] client.Util:130 | <-- 9000
DEBUG | 2023-05-01 16:19:50 | [Test worker] client.Util:133 | Elapsed time 1 ms
DEBUG | 2023-05-01 16:19:50 | [Test worker] client.Util:120 | --> [0102000000] (5 B)
DEBUG | 2023-05-01 16:19:50 | [Test worker] client.Util:120 | --> [0102000000] (5 B)
DEBUG | 2023-05-01 16:19:50 | [Test worker] client.Util:130 | <-- 9000
DEBUG | 2023-05-01 16:19:50 | [Test worker] client.Util:130 | <-- 9000
DEBUG | 2023-05-01 16:19:50 | [Test worker] client.Util:120 | --> [0000000000] (5 B)
DEBUG | 2023-05-01 16:19:50 | [Test worker] client.Util:120 | --> [0000000000] (5 B)
DEBUG | 2023-05-01 16:19:50 | [Test worker] client.Util:130 | <-- 9000
DEBUG | 2023-05-01 16:19:50 | [Test worker] client.Util:130 | <-- 9000
DEBUG | 2023-05-01 16:19:50 | [Test worker] client.Util:133 | Elapsed time 1 ms
DEBUG | 2023-05-01 16:19:50 | [Test worker] client.Util:120 | --> [00010000FA70736274FF0100750200000001268171371EDFF285E937ADEEA4B37B78000C0566CBB3AD64641713CA42171BF60000000000FEFFFFFF02D3DFF505000000001976A914D0C59903C5BAC2868760E90FD521A4665AA7652088AC00E1F5050000000017A9143545E6E33B832C47050F24D3EEB93C9C03948BC787B32E1300000100FDA5010100000000010289A3C71EAB4D20E0371BBBA4CC698FA295C9463AFA2E397F8533CCB62F9567E50100000017160014BE18D152A9B012039DAF3DA7DE4F53349EECB985FFFFFFFF86F8AA43A71DFF1448893A530A7237EF6B4608BBB2DD2D0171E63AEC6A4890B40100000017160014FE3E9EF1A745E974] (255 B)
DEBUG | 2023-05-01 16:19:50 | [Test worker] client.Util:120 | --> [00010000FA70736274FF0100750200000001268171371EDFF285E937ADEEA4B37B78000C0566CBB3AD64641713CA42171BF60000000000FEFFFFFF02D3DFF505000000001976A914D0C59903C5BAC2868760E90FD521A4665AA7652088AC00E1F5050000000017A9143545E6E33B832C47050F24D3EEB93C9C03948BC787B32E1300000100FDA5010100000000010289A3C71EAB4D20E0371BBBA4CC698FA295C9463AFA2E397F8533CCB62F9567E50100000017160014BE18D152A9B012039DAF3DA7DE4F53349EECB985FFFFFFFF86F8AA43A71DFF1448893A530A7237EF6B4608BBB2DD2D0171E63AEC6A4890B40100000017160014FE3E9EF1A745E974] (255 B)
DEBUG | 2023-05-01 16:19:50 | [Test worker] client.Util:130 | <-- 9000
DEBUG | 2023-05-01 16:19:50 | [Test worker] client.Util:130 | <-- 9000
DEBUG | 2023-05-01 16:19:50 | [Test worker] client.Util:133 | Elapsed time 1 ms
DEBUG | 2023-05-01 16:19:50 | [Test worker] client.Util:120 | --> [00010000FAD902C4355943ABCB34BD5353FFFFFFFF0200C2EB0B000000001976A91485CFF1097FD9E008BB34AF709C62197B38978A4888AC72FEF84E2C00000017A914339725BA21EFD62AC753A9BCD067D6C7A6A39D05870247304402202712BE22E0270F394F568311DC7CA9A68970B8025FDD3B240229F07F8A5F3A240220018B38D7DCD314E734C9276BD6FB40F673325BC4BAA144C800D2F2F02DB2765C012103D2E15674941BAD4A996372CB87E1856D3652606D98562FE39C5E9E7E413F210502483045022100D12B852D85DCD961D2F5F4AB660654DF6EEDCC794C0C33CE5CC309FFB5FCE58D022067338A8E0E1725C197FB1A88AF59F51E44E425] (255 B)
DEBUG | 2023-05-01 16:19:50 | [Test worker] client.Util:120 | --> [00010000FAD902C4355943ABCB34BD5353FFFFFFFF0200C2EB0B000000001976A91485CFF1097FD9E008BB34AF709C62197B38978A4888AC72FEF84E2C00000017A914339725BA21EFD62AC753A9BCD067D6C7A6A39D05870247304402202712BE22E0270F394F568311DC7CA9A68970B8025FDD3B240229F07F8A5F3A240220018B38D7DCD314E734C9276BD6FB40F673325BC4BAA144C800D2F2F02DB2765C012103D2E15674941BAD4A996372CB87E1856D3652606D98562FE39C5E9E7E413F210502483045022100D12B852D85DCD961D2F5F4AB660654DF6EEDCC794C0C33CE5CC309FFB5FCE58D022067338A8E0E1725C197FB1A88AF59F51E44E425] (255 B)
DEBUG | 2023-05-01 16:19:50 | [Test worker] client.Util:130 | <-- 9000
DEBUG | 2023-05-01 16:19:50 | [Test worker] client.Util:130 | <-- 9000
DEBUG | 2023-05-01 16:19:50 | [Test worker] client.Util:133 | Elapsed time 1 ms
DEBUG | 2023-05-01 16:19:50 | [Test worker] client.Util:120 | --> [00010000375B20167C8684031C05D1F2592A01210223B72BEEF0965D10BE0778EFECD61FCAC6F79A4EA169393380734464F84F2AB300000000000000] (60 B)
DEBUG | 2023-05-01 16:19:50 | [Test worker] client.Util:120 | --> [00010000375B20167C8684031C05D1F2592A01210223B72BEEF0965D10BE0778EFECD61FCAC6F79A4EA169393380734464F84F2AB300000000000000] (60 B)
DEBUG | 2023-05-01 16:19:50 | [Test worker] client.Util:130 | <-- 9000
DEBUG | 2023-05-01 16:19:50 | [Test worker] client.Util:130 | <-- 9000
DEBUG | 2023-05-01 16:19:50 | [Test worker] client.Util:133 | Elapsed time 2 ms
DEBUG | 2023-05-01 16:19:50 | [Test worker] client.Util:120 | --> [0002000000] (5 B)
DEBUG | 2023-05-01 16:19:50 | [Test worker] client.Util:120 | --> [0002000000] (5 B)
DEBUG | 2023-05-01 16:19:50 | [Test worker] client.Util:130 | <-- 9000
DEBUG | 2023-05-01 16:19:50 | [Test worker] client.Util:130 | <-- 9000
DEBUG | 2023-05-01 16:19:50 | [Test worker] client.Util:133 | Elapsed time 1 ms
DEBUG | 2023-05-01 16:19:50 | [Test worker] client.Util:120 | --> [1000000000] (5 B)
DEBUG | 2023-05-01 16:19:50 | [Test worker] client.Util:120 | --> [1000000000] (5 B)
DEBUG | 2023-05-01 16:19:50 | [Test worker] client.Util:127 | <-- 00000000 9000 (4 B)
DEBUG | 2023-05-01 16:19:50 | [Test worker] client.Util:127 | <-- 00000000 9000 (4 B)
DEBUG | 2023-05-01 16:19:50 | [Test worker] client.Util:133 | Elapsed time 1 ms
DEBUG | 2023-05-01 16:19:50 | [Test worker] client.Util:120 | --> [0200000000] (5 B)
DEBUG | 2023-05-01 16:19:50 | [Test worker] client.Util:120 | --> [0200000000] (5 B)
DEBUG | 2023-05-01 16:19:50 | [Test worker] client.Util:130 | <-- 9000
DEBUG | 2023-05-01 16:19:50 | [Test worker] client.Util:130 | <-- 9000
DEBUG | 2023-05-01 16:19:50 | [Test worker] client.Util:133 | Elapsed time 1 ms
DEBUG | 2023-05-01 16:19:50 | [Test worker] client.Util:120 | --> [020100000A01020304050102030405] (15 B)
DEBUG | 2023-05-01 16:19:50 | [Test worker] client.Util:120 | --> [020100000A01020304050102030405] (15 B)
DEBUG | 2023-05-01 16:19:50 | [Test worker] client.Util:130 | <-- 9000
DEBUG | 2023-05-01 16:19:50 | [Test worker] client.Util:130 | <-- 9000
DEBUG | 2023-05-01 16:19:50 | [Test worker] client.Util:133 | Elapsed time 1 ms
DEBUG | 2023-05-01 16:19:50 | [Test worker] client.Util:120 | --> [0202000000] (5 B)
DEBUG | 2023-05-01 16:19:50 | [Test worker] client.Util:120 | --> [0202000000] (5 B)
DEBUG | 2023-05-01 16:19:50 | [Test worker] client.Util:130 | <-- 9000
DEBUG | 2023-05-01 16:19:50 | [Test worker] client.Util:130 | <-- 9000
DEBUG | 2023-05-01 16:19:50 | [Test worker] client.Util:120 | --> [1000000000] (5 B)
DEBUG | 2023-05-01 16:19:50 | [Test worker] client.Util:120 | --> [1000000000] (5 B)
DEBUG | 2023-05-01 16:19:50 | [Test worker] client.Util:127 | <-- 00010000 9000 (4 B)
DEBUG | 2023-05-01 16:19:50 | [Test worker] client.Util:127 | <-- 00010000 9000 (4 B)
DEBUG | 2023-05-01 16:19:50 | [Test worker] client.Util:133 | Elapsed time 1 ms
DEBUG | 2023-05-01 16:19:50 | [Test worker] client.Util:120 | --> [0000000000] (5 B)
DEBUG | 2023-05-01 16:19:50 | [Test worker] client.Util:120 | --> [0000000000] (5 B)
DEBUG | 2023-05-01 16:19:50 | [Test worker] client.Util:130 | <-- 9000
DEBUG | 2023-05-01 16:19:50 | [Test worker] client.Util:130 | <-- 9000
DEBUG | 2023-05-01 16:19:50 | [Test worker] client.Util:133 | Elapsed time 1 ms
DEBUG | 2023-05-01 16:19:50 | [Test worker] client.Util:120 | --> [00010000FA70736274FF0100750200000001268171371EDFF285E937ADEEA4B37B78000C0566CBB3AD64641713CA42171BF60000000000FEFFFFFF02D3DFF505000000001976A914D0C59903C5BAC2868760E90FD521A4665AA7652088AC00E1F5050000000017A9143545E6E33B832C47050F24D3EEB93C9C03948BC787B32E1300000100FDA5010100000000010289A3C71EAB4D20E0371BBBA4CC698FA295C9463AFA2E397F8533CCB62F9567E50100000017160014BE18D152A9B012039DAF3DA7DE4F53349EECB985FFFFFFFF86F8AA43A71DFF1448893A530A7237EF6B4608BBB2DD2D0171E63AEC6A4890B40100000017160014FE3E9EF1A745E974] (255 B)
DEBUG | 2023-05-01 16:19:50 | [Test worker] client.Util:120 | --> [00010000FA70736274FF0100750200000001268171371EDFF285E937ADEEA4B37B78000C0566CBB3AD64641713CA42171BF60000000000FEFFFFFF02D3DFF505000000001976A914D0C59903C5BAC2868760E90FD521A4665AA7652088AC00E1F5050000000017A9143545E6E33B832C47050F24D3EEB93C9C03948BC787B32E1300000100FDA5010100000000010289A3C71EAB4D20E0371BBBA4CC698FA295C9463AFA2E397F8533CCB62F9567E50100000017160014BE18D152A9B012039DAF3DA7DE4F53349EECB985FFFFFFFF86F8AA43A71DFF1448893A530A7237EF6B4608BBB2DD2D0171E63AEC6A4890B40100000017160014FE3E9EF1A745E974] (255 B)
DEBUG | 2023-05-01 16:19:50 | [Test worker] client.Util:130 | <-- 9000
DEBUG | 2023-05-01 16:19:50 | [Test worker] client.Util:130 | <-- 9000
DEBUG | 2023-05-01 16:19:50 | [Test worker] client.Util:133 | Elapsed time 2 ms
DEBUG | 2023-05-01 16:19:50 | [Test worker] client.Util:120 | --> [00010000FAD902C4355943ABCB34BD5353FFFFFFFF0200C2EB0B000000001976A91485CFF1097FD9E008BB34AF709C62197B38978A4888AC72FEF84E2C00000017A914339725BA21EFD62AC753A9BCD067D6C7A6A39D05870247304402202712BE22E0270F394F568311DC7CA9A68970B8025FDD3B240229F07F8A5F3A240220018B38D7DCD314E734C9276BD6FB40F673325BC4BAA144C800D2F2F02DB2765C012103D2E15674941BAD4A996372CB87E1856D3652606D98562FE39C5E9E7E413F210502483045022100D12B852D85DCD961D2F5F4AB660654DF6EEDCC794C0C33CE5CC309FFB5FCE58D022067338A8E0E1725C197FB1A88AF59F51E44E425] (255 B)
DEBUG | 2023-05-01 16:19:50 | [Test worker] client.Util:120 | --> [00010000FAD902C4355943ABCB34BD5353FFFFFFFF0200C2EB0B000000001976A91485CFF1097FD9E008BB34AF709C62197B38978A4888AC72FEF84E2C00000017A914339725BA21EFD62AC753A9BCD067D6C7A6A39D05870247304402202712BE22E0270F394F568311DC7CA9A68970B8025FDD3B240229F07F8A5F3A240220018B38D7DCD314E734C9276BD6FB40F673325BC4BAA144C800D2F2F02DB2765C012103D2E15674941BAD4A996372CB87E1856D3652606D98562FE39C5E9E7E413F210502483045022100D12B852D85DCD961D2F5F4AB660654DF6EEDCC794C0C33CE5CC309FFB5FCE58D022067338A8E0E1725C197FB1A88AF59F51E44E425] (255 B)
DEBUG | 2023-05-01 16:19:50 | [Test worker] client.Util:130 | <-- 9000
DEBUG | 2023-05-01 16:19:50 | [Test worker] client.Util:130 | <-- 9000
DEBUG | 2023-05-01 16:19:50 | [Test worker] client.Util:133 | Elapsed time 2 ms
DEBUG | 2023-05-01 16:19:50 | [Test worker] client.Util:120 | --> [00010000375B20167C8684031C05D1F2592A01210223B72BEEF0965D10BE0778EFECD61FCAC6F79A4EA169393380734464F84F2AB300000000000000] (60 B)
DEBUG | 2023-05-01 16:19:50 | [Test worker] client.Util:120 | --> [00010000375B20167C8684031C05D1F2592A01210223B72BEEF0965D10BE0778EFECD61FCAC6F79A4EA169393380734464F84F2AB300000000000000] (60 B)
DEBUG | 2023-05-01 16:19:50 | [Test worker] client.Util:130 | <-- 9000
DEBUG | 2023-05-01 16:19:50 | [Test worker] client.Util:130 | <-- 9000
DEBUG | 2023-05-01 16:19:50 | [Test worker] client.Util:120 | --> [0002000000] (5 B)
DEBUG | 2023-05-01 16:19:50 | [Test worker] client.Util:120 | --> [0002000000] (5 B)
DEBUG | 2023-05-01 16:19:50 | [Test worker] client.Util:130 | <-- 9000
DEBUG | 2023-05-01 16:19:50 | [Test worker] client.Util:130 | <-- 9000
DEBUG | 2023-05-01 16:19:50 | [Test worker] client.Util:120 | --> [0100000000] (5 B)
DEBUG | 2023-05-01 16:19:50 | [Test worker] client.Util:120 | --> [0100000000] (5 B)
DEBUG | 2023-05-01 16:19:50 | [Test worker] client.Util:130 | <-- 9000
DEBUG | 2023-05-01 16:19:50 | [Test worker] client.Util:130 | <-- 9000
DEBUG | 2023-05-01 16:19:50 | [Test worker] client.Util:120 | --> [01010000020A00] (7 B)
DEBUG | 2023-05-01 16:19:50 | [Test worker] client.Util:120 | --> [01010000020A00] (7 B)
DEBUG | 2023-05-01 16:19:50 | [Test worker] client.Util:130 | <-- 9000
DEBUG | 2023-05-01 16:19:50 | [Test worker] client.Util:130 | <-- 9000
DEBUG | 2023-05-01 16:19:50 | [Test worker] client.Util:120 | --> [0102000000] (5 B)
DEBUG | 2023-05-01 16:19:50 | [Test worker] client.Util:120 | --> [0102000000] (5 B)
DEBUG | 2023-05-01 16:19:50 | [Test worker] client.Util:130 | <-- 8666
DEBUG | 2023-05-01 16:19:50 | [Test worker] client.Util:130 | <-- 8666
DEBUG | 2023-05-01 16:19:50 | [Test worker] client.Util:133 | Elapsed time 1 ms
DEBUG | 2023-05-01 16:19:50 | [Test worker] client.Util:120 | --> [0200000000] (5 B)
DEBUG | 2023-05-01 16:19:50 | [Test worker] client.Util:120 | --> [0200000000] (5 B)
DEBUG | 2023-05-01 16:19:50 | [Test worker] client.Util:130 | <-- 9000
DEBUG | 2023-05-01 16:19:50 | [Test worker] client.Util:130 | <-- 9000
DEBUG | 2023-05-01 16:19:50 | [Test worker] client.Util:133 | Elapsed time 1 ms
DEBUG | 2023-05-01 16:19:50 | [Test worker] client.Util:120 | --> [020100000A01020304050102030405] (15 B)
DEBUG | 2023-05-01 16:19:50 | [Test worker] client.Util:120 | --> [020100000A01020304050102030405] (15 B)
DEBUG | 2023-05-01 16:19:50 | [Test worker] client.Util:130 | <-- 9000
DEBUG | 2023-05-01 16:19:50 | [Test worker] client.Util:130 | <-- 9000
DEBUG | 2023-05-01 16:19:50 | [Test worker] client.Util:120 | --> [0202000000] (5 B)
DEBUG | 2023-05-01 16:19:50 | [Test worker] client.Util:120 | --> [0202000000] (5 B)
DEBUG | 2023-05-01 16:19:50 | [Test worker] client.Util:130 | <-- 9000
DEBUG | 2023-05-01 16:19:50 | [Test worker] client.Util:130 | <-- 9000
DEBUG | 2023-05-01 16:19:50 | [Test worker] client.Util:120 | --> [0100000000] (5 B)
DEBUG | 2023-05-01 16:19:50 | [Test worker] client.Util:120 | --> [0100000000] (5 B)
DEBUG | 2023-05-01 16:19:50 | [Test worker] client.Util:130 | <-- 9000
DEBUG | 2023-05-01 16:19:50 | [Test worker] client.Util:130 | <-- 9000
DEBUG | 2023-05-01 16:19:50 | [Test worker] client.Util:133 | Elapsed time 1 ms
DEBUG | 2023-05-01 16:19:50 | [Test worker] client.Util:120 | --> [01010000040A000A01] (9 B)
DEBUG | 2023-05-01 16:19:50 | [Test worker] client.Util:120 | --> [01010000040A000A01] (9 B)
DEBUG | 2023-05-01 16:19:50 | [Test worker] client.Util:130 | <-- 9000
DEBUG | 2023-05-01 16:19:50 | [Test worker] client.Util:130 | <-- 9000
DEBUG | 2023-05-01 16:19:50 | [Test worker] client.Util:133 | Elapsed time 1 ms
DEBUG | 2023-05-01 16:19:50 | [Test worker] client.Util:120 | --> [0102000000] (5 B)
DEBUG | 2023-05-01 16:19:50 | [Test worker] client.Util:120 | --> [0102000000] (5 B)
DEBUG | 2023-05-01 16:19:50 | [Test worker] client.Util:130 | <-- 8666
DEBUG | 2023-05-01 16:19:50 | [Test worker] client.Util:130 | <-- 8666
DEBUG | 2023-05-01 16:19:50 | [Test worker] client.Util:133 | Elapsed time 1 ms
DEBUG | 2023-05-01 16:19:50 | [Test worker] client.Util:120 | --> [0200000000] (5 B)
DEBUG | 2023-05-01 16:19:50 | [Test worker] client.Util:120 | --> [0200000000] (5 B)
DEBUG | 2023-05-01 16:19:50 | [Test worker] client.Util:130 | <-- 9000
DEBUG | 2023-05-01 16:19:50 | [Test worker] client.Util:130 | <-- 9000
DEBUG | 2023-05-01 16:19:50 | [Test worker] client.Util:120 | --> [02010000081000000000000000] (13 B)
DEBUG | 2023-05-01 16:19:50 | [Test worker] client.Util:120 | --> [02010000081000000000000000] (13 B)
DEBUG | 2023-05-01 16:19:50 | [Test worker] client.Util:130 | <-- 9000
DEBUG | 2023-05-01 16:19:50 | [Test worker] client.Util:130 | <-- 9000
DEBUG | 2023-05-01 16:19:50 | [Test worker] client.Util:120 | --> [0202000000] (5 B)
DEBUG | 2023-05-01 16:19:50 | [Test worker] client.Util:120 | --> [0202000000] (5 B)
DEBUG | 2023-05-01 16:19:50 | [Test worker] client.Util:130 | <-- 9000
DEBUG | 2023-05-01 16:19:50 | [Test worker] client.Util:130 | <-- 9000
DEBUG | 2023-05-01 16:19:50 | [Test worker] client.Util:120 | --> [0100000000] (5 B)
DEBUG | 2023-05-01 16:19:50 | [Test worker] client.Util:120 | --> [0100000000] (5 B)
DEBUG | 2023-05-01 16:19:50 | [Test worker] client.Util:130 | <-- 9000
DEBUG | 2023-05-01 16:19:50 | [Test worker] client.Util:130 | <-- 9000
DEBUG | 2023-05-01 16:19:50 | [Test worker] client.Util:120 | --> [01010000020000] (7 B)
DEBUG | 2023-05-01 16:19:50 | [Test worker] client.Util:120 | --> [01010000020000] (7 B)
DEBUG | 2023-05-01 16:19:50 | [Test worker] client.Util:130 | <-- 9000
DEBUG | 2023-05-01 16:19:50 | [Test worker] client.Util:130 | <-- 9000
DEBUG | 2023-05-01 16:19:50 | [Test worker] client.Util:133 | Elapsed time 1 ms
DEBUG | 2023-05-01 16:19:50 | [Test worker] client.Util:120 | --> [0102000000] (5 B)
DEBUG | 2023-05-01 16:19:50 | [Test worker] client.Util:120 | --> [0102000000] (5 B)
DEBUG | 2023-05-01 16:19:50 | [Test worker] client.Util:130 | <-- 9000
DEBUG | 2023-05-01 16:19:50 | [Test worker] client.Util:130 | <-- 9000
DEBUG | 2023-05-01 16:19:50 | [Test worker] client.Util:133 | Elapsed time 1 ms
DEBUG | 2023-05-01 16:19:50 | [Test worker] client.Util:120 | --> [0000000000] (5 B)
DEBUG | 2023-05-01 16:19:50 | [Test worker] client.Util:120 | --> [0000000000] (5 B)
DEBUG | 2023-05-01 16:19:50 | [Test worker] client.Util:130 | <-- 9000
DEBUG | 2023-05-01 16:19:50 | [Test worker] client.Util:130 | <-- 9000
DEBUG | 2023-05-01 16:19:50 | [Test worker] client.Util:133 | Elapsed time 1 ms
DEBUG | 2023-05-01 16:19:50 | [Test worker] client.Util:120 | --> [000100005770736274FF01004C020000000002D3DFF505000000001976A914D0C59903C5BAC2868760E90FD521A4665AA7652088AC00E1F5050000000017A9143545E6E33B832C47050F24D3EEB93C9C03948BC787B32E1300000000] (92 B)
DEBUG | 2023-05-01 16:19:50 | [Test worker] client.Util:120 | --> [000100005770736274FF01004C020000000002D3DFF505000000001976A914D0C59903C5BAC2868760E90FD521A4665AA7652088AC00E1F5050000000017A9143545E6E33B832C47050F24D3EEB93C9C03948BC787B32E1300000000] (92 B)
DEBUG | 2023-05-01 16:19:50 | [Test worker] client.Util:130 | <-- 9000
DEBUG | 2023-05-01 16:19:50 | [Test worker] client.Util:130 | <-- 9000
DEBUG | 2023-05-01 16:19:50 | [Test worker] client.Util:133 | Elapsed time 1 ms
DEBUG | 2023-05-01 16:19:50 | [Test worker] client.Util:120 | --> [0002000000] (5 B)
DEBUG | 2023-05-01 16:19:50 | [Test worker] client.Util:120 | --> [0002000000] (5 B)
DEBUG | 2023-05-01 16:19:50 | [Test worker] client.Util:130 | <-- 9000
DEBUG | 2023-05-01 16:19:50 | [Test worker] client.Util:130 | <-- 9000
DEBUG | 2023-05-01 16:19:50 | [Test worker] client.Util:120 | --> [1000000000] (5 B)
DEBUG | 2023-05-01 16:19:50 | [Test worker] client.Util:120 | --> [1000000000] (5 B)
DEBUG | 2023-05-01 16:19:50 | [Test worker] client.Util:127 | <-- 00010000 9000 (4 B)
DEBUG | 2023-05-01 16:19:50 | [Test worker] client.Util:127 | <-- 00010000 9000 (4 B)
DEBUG | 2023-05-01 16:19:50 | [Test worker] client.Util:120 | --> [0000000000] (5 B)
DEBUG | 2023-05-01 16:19:50 | [Test worker] client.Util:120 | --> [0000000000] (5 B)
DEBUG | 2023-05-01 16:19:50 | [Test worker] client.Util:130 | <-- 9000
DEBUG | 2023-05-01 16:19:50 | [Test worker] client.Util:130 | <-- 9000
DEBUG | 2023-05-01 16:19:50 | [Test worker] client.Util:120 | --> [000100009170736274FF01020402000000010401010105010201FB040200000000010E200B0AD921419C1C8719735D72DC739F9EA9E0638D1FE4C1EEF0F9944084815FC8010F0400000000000103080008AF2F000000000104160014C430F64C4756DA310DBD1A085572EF299926272C000103088BBDEB0B0000000001041600144DD193AC964A56AC1B9E1CCA8454FE2F474F851300] (150 B)
DEBUG | 2023-05-01 16:19:50 | [Test worker] client.Util:120 | --> [000100009170736274FF01020402000000010401010105010201FB040200000000010E200B0AD921419C1C8719735D72DC739F9EA9E0638D1FE4C1EEF0F9944084815FC8010F0400000000000103080008AF2F000000000104160014C430F64C4756DA310DBD1A085572EF299926272C000103088BBDEB0B0000000001041600144DD193AC964A56AC1B9E1CCA8454FE2F474F851300] (150 B)
DEBUG | 2023-05-01 16:19:50 | [Test worker] client.Util:130 | <-- 9000
DEBUG | 2023-05-01 16:19:50 | [Test worker] client.Util:130 | <-- 9000
DEBUG | 2023-05-01 16:19:50 | [Test worker] client.Util:133 | Elapsed time 1 ms
DEBUG | 2023-05-01 16:19:50 | [Test worker] client.Util:120 | --> [0002000000] (5 B)
DEBUG | 2023-05-01 16:19:50 | [Test worker] client.Util:120 | --> [0002000000] (5 B)
DEBUG | 2023-05-01 16:19:50 | [Test worker] client.Util:130 | <-- 9000
DEBUG | 2023-05-01 16:19:50 | [Test worker] client.Util:130 | <-- 9000
DEBUG | 2023-05-01 16:19:50 | [Test worker] client.Util:120 | --> [1000000000] (5 B)
DEBUG | 2023-05-01 16:19:50 | [Test worker] client.Util:120 | --> [1000000000] (5 B)
DEBUG | 2023-05-01 16:19:50 | [Test worker] client.Util:127 | <-- 00010000 9000 (4 B)
DEBUG | 2023-05-01 16:19:50 | [Test worker] client.Util:127 | <-- 00010000 9000 (4 B)
DEBUG | 2023-05-01 16:19:50 | [Test worker] client.Util:133 | Elapsed time 1 ms
DEBUG | 2023-05-01 16:19:50 | [Test worker] client.Util:120 | --> [0000000000] (5 B)
DEBUG | 2023-05-01 16:19:50 | [Test worker] client.Util:120 | --> [0000000000] (5 B)
DEBUG | 2023-05-01 16:19:50 | [Test worker] client.Util:130 | <-- 9000
DEBUG | 2023-05-01 16:19:50 | [Test worker] client.Util:130 | <-- 9000
DEBUG | 2023-05-01 16:19:50 | [Test worker] client.Util:120 | --> [00010000FA70736274FF01020402000000010401010105010201FB0402000000000100520200000001C1AA256E214B96A1822F93DE42BFF3B5F3FF8D0519306E3515D7515A5E805B120000000000FFFFFFFF0118C69A3B00000000160014B0A3AF144208412693CA7D166852B52DB0AEF06E0000000001011F18C69A3B00000000160014B0A3AF144208412693CA7D166852B52DB0AEF06E010E200B0AD921419C1C8719735D72DC739F9EA9E0638D1FE4C1EEF0F9944084815FC8010F040000000000220202D601F84846A6755F776BE00E3D9DE8FB10ACC935FB83C45FB0162D4CAD5AB79218F69D873E540000800100008000000080000000002A000000] (255 B)
DEBUG | 2023-05-01 16:19:50 | [Test worker] client.Util:120 | --> [00010000FA70736274FF01020402000000010401010105010201FB0402000000000100520200000001C1AA256E214B96A1822F93DE42BFF3B5F3FF8D0519306E3515D7515A5E805B120000000000FFFFFFFF0118C69A3B00000000160014B0A3AF144208412693CA7D166852B52DB0AEF06E0000000001011F18C69A3B00000000160014B0A3AF144208412693CA7D166852B52DB0AEF06E010E200B0AD921419C1C8719735D72DC739F9EA9E0638D1FE4C1EEF0F9944084815FC8010F040000000000220202D601F84846A6755F776BE00E3D9DE8FB10ACC935FB83C45FB0162D4CAD5AB79218F69D873E540000800100008000000080000000002A000000] (255 B)
DEBUG | 2023-05-01 16:19:50 | [Test worker] client.Util:130 | <-- 9000
DEBUG | 2023-05-01 16:19:50 | [Test worker] client.Util:130 | <-- 9000
DEBUG | 2023-05-01 16:19:50 | [Test worker] client.Util:133 | Elapsed time 1 ms
DEBUG | 2023-05-01 16:19:50 | [Test worker] client.Util:120 | --> [00010000860103080008AF2F000000000104160014C430F64C4756DA310DBD1A085572EF299926272C00220202E36FBFF53DD534070CF8FD396614680F357A9B85DB7340BF1CFA745D2AD7B34018F69D873E54000080010000800000008001000000640000000103088BBDEB0B0000000001041600144DD193AC964A56AC1B9E1CCA8454FE2F474F851300] (139 B)
DEBUG | 2023-05-01 16:19:50 | [Test worker] client.Util:120 | --> [00010000860103080008AF2F000000000104160014C430F64C4756DA310DBD1A085572EF299926272C00220202E36FBFF53DD534070CF8FD396614680F357A9B85DB7340BF1CFA745D2AD7B34018F69D873E54000080010000800000008001000000640000000103088BBDEB0B0000000001041600144DD193AC964A56AC1B9E1CCA8454FE2F474F851300] (139 B)
DEBUG | 2023-05-01 16:19:50 | [Test worker] client.Util:130 | <-- 9000
DEBUG | 2023-05-01 16:19:50 | [Test worker] client.Util:130 | <-- 9000
DEBUG | 2023-05-01 16:19:50 | [Test worker] client.Util:120 | --> [0002000000] (5 B)
DEBUG | 2023-05-01 16:19:50 | [Test worker] client.Util:120 | --> [0002000000] (5 B)
DEBUG | 2023-05-01 16:19:50 | [Test worker] client.Util:130 | <-- 9000
DEBUG | 2023-05-01 16:19:50 | [Test worker] client.Util:130 | <-- 9000
DEBUG | 2023-05-01 16:19:50 | [Test worker] client.Util:120 | --> [1000000000] (5 B)
DEBUG | 2023-05-01 16:19:50 | [Test worker] client.Util:120 | --> [1000000000] (5 B)
DEBUG | 2023-05-01 16:19:50 | [Test worker] client.Util:127 | <-- 00010000 9000 (4 B)
DEBUG | 2023-05-01 16:19:50 | [Test worker] client.Util:127 | <-- 00010000 9000 (4 B)
getInstance of assymetric algo: 17
getInstance of assymetric algo: 17 is OK!
DEBUG | 2023-05-01 16:19:50 | [Test worker] client.Util:120 | --> [0200000000] (5 B)
DEBUG | 2023-05-01 16:19:50 | [Test worker] client.Util:120 | --> [0200000000] (5 B)
DEBUG | 2023-05-01 16:19:50 | [Test worker] client.Util:130 | <-- 9000
DEBUG | 2023-05-01 16:19:50 | [Test worker] client.Util:130 | <-- 9000
DEBUG | 2023-05-01 16:19:50 | [Test worker] client.Util:133 | Elapsed time 1 ms
DEBUG | 2023-05-01 16:19:50 | [Test worker] client.Util:120 | --> [0201000041041ED06C09A9EB0B02B3EC38B559AFE719080E4CEDFF6D93839A1C19CB9E601C8BE8AD94D4189AE492F327CD0A4C2D035FC1E1AFABFFE2C82FF25DBD8E6F8EA75E] (70 B)
DEBUG | 2023-05-01 16:19:50 | [Test worker] client.Util:120 | --> [0201000041041ED06C09A9EB0B02B3EC38B559AFE719080E4CEDFF6D93839A1C19CB9E601C8BE8AD94D4189AE492F327CD0A4C2D035FC1E1AFABFFE2C82FF25DBD8E6F8EA75E] (70 B)
DEBUG | 2023-05-01 16:19:50 | [Test worker] client.Util:130 | <-- 9000
DEBUG | 2023-05-01 16:19:50 | [Test worker] client.Util:130 | <-- 9000
DEBUG | 2023-05-01 16:19:50 | [Test worker] client.Util:120 | --> [0202000000] (5 B)
DEBUG | 2023-05-01 16:19:50 | [Test worker] client.Util:120 | --> [0202000000] (5 B)
DEBUG | 2023-05-01 16:19:50 | [Test worker] client.Util:130 | <-- 9000
DEBUG | 2023-05-01 16:19:50 | [Test worker] client.Util:130 | <-- 9000
DEBUG | 2023-05-01 16:19:50 | [Test worker] client.Util:133 | Elapsed time 1 ms
DEBUG | 2023-05-01 16:19:50 | [Test worker] client.Util:120 | --> [0200010000] (5 B)
DEBUG | 2023-05-01 16:19:50 | [Test worker] client.Util:120 | --> [0200010000] (5 B)
DEBUG | 2023-05-01 16:19:50 | [Test worker] client.Util:130 | <-- 9000
DEBUG | 2023-05-01 16:19:50 | [Test worker] client.Util:130 | <-- 9000
DEBUG | 2023-05-01 16:19:50 | [Test worker] client.Util:120 | --> [0201010004000FFFFF] (9 B)
DEBUG | 2023-05-01 16:19:50 | [Test worker] client.Util:120 | --> [0201010004000FFFFF] (9 B)
DEBUG | 2023-05-01 16:19:50 | [Test worker] client.Util:130 | <-- 9000
DEBUG | 2023-05-01 16:19:50 | [Test worker] client.Util:130 | <-- 9000
DEBUG | 2023-05-01 16:19:50 | [Test worker] client.Util:133 | Elapsed time 1 ms
DEBUG | 2023-05-01 16:19:50 | [Test worker] client.Util:120 | --> [0202010000] (5 B)
DEBUG | 2023-05-01 16:19:50 | [Test worker] client.Util:120 | --> [0202010000] (5 B)
DEBUG | 2023-05-01 16:19:50 | [Test worker] client.Util:130 | <-- 9000
DEBUG | 2023-05-01 16:19:50 | [Test worker] client.Util:130 | <-- 9000
DEBUG | 2023-05-01 16:19:50 | [Test worker] client.Util:133 | Elapsed time 1 ms
DEBUG | 2023-05-01 16:19:50 | [Test worker] client.Util:120 | --> [0100000000] (5 B)
DEBUG | 2023-05-01 16:19:50 | [Test worker] client.Util:120 | --> [0100000000] (5 B)
DEBUG | 2023-05-01 16:19:50 | [Test worker] client.Util:130 | <-- 9000
DEBUG | 2023-05-01 16:19:50 | [Test worker] client.Util:130 | <-- 9000
DEBUG | 2023-05-01 16:19:50 | [Test worker] client.Util:133 | Elapsed time 1 ms
DEBUG | 2023-05-01 16:19:50 | [Test worker] client.Util:120 | --> [0101000003090001] (8 B)
DEBUG | 2023-05-01 16:19:50 | [Test worker] client.Util:120 | --> [0101000003090001] (8 B)
DEBUG | 2023-05-01 16:19:50 | [Test worker] client.Util:130 | <-- 9000
DEBUG | 2023-05-01 16:19:50 | [Test worker] client.Util:130 | <-- 9000
DEBUG | 2023-05-01 16:19:50 | [Test worker] client.Util:133 | Elapsed time 1 ms
DEBUG | 2023-05-01 16:19:50 | [Test worker] client.Util:120 | --> [0102000000] (5 B)
DEBUG | 2023-05-01 16:19:50 | [Test worker] client.Util:120 | --> [0102000000] (5 B)
DEBUG | 2023-05-01 16:19:50 | [Test worker] client.Util:130 | <-- 9000
DEBUG | 2023-05-01 16:19:50 | [Test worker] client.Util:130 | <-- 9000
DEBUG | 2023-05-01 16:19:50 | [Test worker] client.Util:133 | Elapsed time 1 ms
DEBUG | 2023-05-01 16:19:50 | [Test worker] client.Util:120 | --> [0200000000] (5 B)
DEBUG | 2023-05-01 16:19:50 | [Test worker] client.Util:120 | --> [0200000000] (5 B)
DEBUG | 2023-05-01 16:19:50 | [Test worker] client.Util:130 | <-- 9000
DEBUG | 2023-05-01 16:19:50 | [Test worker] client.Util:130 | <-- 9000
DEBUG | 2023-05-01 16:19:50 | [Test worker] client.Util:133 | Elapsed time 1 ms
DEBUG | 2023-05-01 16:19:50 | [Test worker] client.Util:120 | --> [02010000463044022055419D74C722EB462A6CDD289293917A9415BC891074EB9CD36E9BB7675D621302205CDAA3BB7952D2C737C8BBD7A599FE6F9F26B8F071228A82D37DDDFA61E4C685] (75 B)
DEBUG | 2023-05-01 16:19:50 | [Test worker] client.Util:120 | --> [02010000463044022055419D74C722EB462A6CDD289293917A9415BC891074EB9CD36E9BB7675D621302205CDAA3BB7952D2C737C8BBD7A599FE6F9F26B8F071228A82D37DDDFA61E4C685] (75 B)
DEBUG | 2023-05-01 16:19:50 | [Test worker] client.Util:130 | <-- 9000
DEBUG | 2023-05-01 16:19:50 | [Test worker] client.Util:130 | <-- 9000
DEBUG | 2023-05-01 16:19:50 | [Test worker] client.Util:133 | Elapsed time 1 ms
DEBUG | 2023-05-01 16:19:50 | [Test worker] client.Util:120 | --> [0202000000] (5 B)
DEBUG | 2023-05-01 16:19:50 | [Test worker] client.Util:120 | --> [0202000000] (5 B)
DEBUG | 2023-05-01 16:19:50 | [Test worker] client.Util:130 | <-- 9000
DEBUG | 2023-05-01 16:19:50 | [Test worker] client.Util:130 | <-- 9000
DEBUG | 2023-05-01 16:19:50 | [Test worker] client.Util:120 | --> [0200010000] (5 B)
DEBUG | 2023-05-01 16:19:50 | [Test worker] client.Util:120 | --> [0200010000] (5 B)
DEBUG | 2023-05-01 16:19:50 | [Test worker] client.Util:130 | <-- 9000
DEBUG | 2023-05-01 16:19:50 | [Test worker] client.Util:130 | <-- 9000
DEBUG | 2023-05-01 16:19:50 | [Test worker] client.Util:133 | Elapsed time 1 ms
DEBUG | 2023-05-01 16:19:50 | [Test worker] client.Util:120 | --> [020101000400FFFFFF] (9 B)
DEBUG | 2023-05-01 16:19:50 | [Test worker] client.Util:120 | --> [020101000400FFFFFF] (9 B)
DEBUG | 2023-05-01 16:19:50 | [Test worker] client.Util:130 | <-- 9000
DEBUG | 2023-05-01 16:19:50 | [Test worker] client.Util:130 | <-- 9000
DEBUG | 2023-05-01 16:19:50 | [Test worker] client.Util:133 | Elapsed time 1 ms
DEBUG | 2023-05-01 16:19:50 | [Test worker] client.Util:120 | --> [0202010000] (5 B)
DEBUG | 2023-05-01 16:19:50 | [Test worker] client.Util:120 | --> [0202010000] (5 B)
DEBUG | 2023-05-01 16:19:50 | [Test worker] client.Util:130 | <-- 9000
DEBUG | 2023-05-01 16:19:50 | [Test worker] client.Util:130 | <-- 9000
DEBUG | 2023-05-01 16:19:50 | [Test worker] client.Util:133 | Elapsed time 1 ms
DEBUG | 2023-05-01 16:19:50 | [Test worker] client.Util:120 | --> [1000000000] (5 B)
DEBUG | 2023-05-01 16:19:50 | [Test worker] client.Util:120 | --> [1000000000] (5 B)
getInstance of assymetric algo: 17
getInstance of assymetric algo: 17 is OK!
DEBUG | 2023-05-01 16:19:50 | [Test worker] client.Util:127 | <-- 00010000 9000 (4 B)
DEBUG | 2023-05-01 16:19:50 | [Test worker] client.Util:127 | <-- 00010000 9000 (4 B)
DEBUG | 2023-05-01 16:19:50 | [Test worker] client.Util:133 | Elapsed time 38 ms
DEBUG | 2023-05-01 16:19:50 | [Test worker] client.Util:120 | --> [0200000000] (5 B)
DEBUG | 2023-05-01 16:19:50 | [Test worker] client.Util:120 | --> [0200000000] (5 B)
DEBUG | 2023-05-01 16:19:50 | [Test worker] client.Util:130 | <-- 9000
DEBUG | 2023-05-01 16:19:50 | [Test worker] client.Util:130 | <-- 9000
DEBUG | 2023-05-01 16:19:50 | [Test worker] client.Util:133 | Elapsed time 1 ms
DEBUG | 2023-05-01 16:19:50 | [Test worker] client.Util:120 | --> [0201000046304402207B664C82401B6F8D0172AA28CAA5CB7C8B8FE67381352E490F5AD80D1C10CED50220709E7BFA303CD1188ED8AF9D2766C2D5FDA0263EEB0E2F4460A41BBEB53E402A] (75 B)
DEBUG | 2023-05-01 16:19:50 | [Test worker] client.Util:120 | --> [0201000046304402207B664C82401B6F8D0172AA28CAA5CB7C8B8FE67381352E490F5AD80D1C10CED50220709E7BFA303CD1188ED8AF9D2766C2D5FDA0263EEB0E2F4460A41BBEB53E402A] (75 B)
DEBUG | 2023-05-01 16:19:50 | [Test worker] client.Util:130 | <-- 9000
DEBUG | 2023-05-01 16:19:50 | [Test worker] client.Util:130 | <-- 9000
DEBUG | 2023-05-01 16:19:50 | [Test worker] client.Util:120 | --> [0202000000] (5 B)
DEBUG | 2023-05-01 16:19:50 | [Test worker] client.Util:120 | --> [0202000000] (5 B)
DEBUG | 2023-05-01 16:19:50 | [Test worker] client.Util:130 | <-- 9000
DEBUG | 2023-05-01 16:19:50 | [Test worker] client.Util:130 | <-- 9000
DEBUG | 2023-05-01 16:19:50 | [Test worker] client.Util:120 | --> [0200010000] (5 B)
DEBUG | 2023-05-01 16:19:50 | [Test worker] client.Util:120 | --> [0200010000] (5 B)
DEBUG | 2023-05-01 16:19:50 | [Test worker] client.Util:130 | <-- 9000
DEBUG | 2023-05-01 16:19:50 | [Test worker] client.Util:130 | <-- 9000
DEBUG | 2023-05-01 16:19:50 | [Test worker] client.Util:133 | Elapsed time 1 ms
DEBUG | 2023-05-01 16:19:50 | [Test worker] client.Util:120 | --> [020101000400FFFFFF] (9 B)
DEBUG | 2023-05-01 16:19:50 | [Test worker] client.Util:120 | --> [020101000400FFFFFF] (9 B)
DEBUG | 2023-05-01 16:19:50 | [Test worker] client.Util:130 | <-- 9000
DEBUG | 2023-05-01 16:19:50 | [Test worker] client.Util:130 | <-- 9000
DEBUG | 2023-05-01 16:19:50 | [Test worker] client.Util:133 | Elapsed time 1 ms
DEBUG | 2023-05-01 16:19:50 | [Test worker] client.Util:120 | --> [0202010000] (5 B)
DEBUG | 2023-05-01 16:19:50 | [Test worker] client.Util:120 | --> [0202010000] (5 B)
DEBUG | 2023-05-01 16:19:50 | [Test worker] client.Util:130 | <-- 9000
DEBUG | 2023-05-01 16:19:50 | [Test worker] client.Util:130 | <-- 9000
DEBUG | 2023-05-01 16:19:50 | [Test worker] client.Util:120 | --> [1000000000] (5 B)
DEBUG | 2023-05-01 16:19:50 | [Test worker] client.Util:120 | --> [1000000000] (5 B)
getInstance of assymetric algo: 17
getInstance of assymetric algo: 17 is OK!
DEBUG | 2023-05-01 16:19:50 | [Test worker] client.Util:127 | <-- 00000000 9000 (4 B)
DEBUG | 2023-05-01 16:19:50 | [Test worker] client.Util:127 | <-- 00000000 9000 (4 B)
DEBUG | 2023-05-01 16:19:50 | [Test worker] client.Util:133 | Elapsed time 31 ms
DEBUG | 2023-05-01 16:19:50 | [Test worker] client.Util:120 | --> [0200000000] (5 B)
DEBUG | 2023-05-01 16:19:50 | [Test worker] client.Util:120 | --> [0200000000] (5 B)
DEBUG | 2023-05-01 16:19:50 | [Test worker] client.Util:130 | <-- 9000
DEBUG | 2023-05-01 16:19:50 | [Test worker] client.Util:130 | <-- 9000
DEBUG | 2023-05-01 16:19:50 | [Test worker] client.Util:133 | Elapsed time 1 ms
DEBUG | 2023-05-01 16:19:50 | [Test worker] client.Util:120 | --> [0201000046304402207B664C82401B6F8D0172AA28CAA5CB7C8B8FE67381352E490F5AD80D1C10CED50220709E7BFA303CD1188ED8AF9D2766C2D5FDA0263EEB0E2F4460A41BBEB53E402A] (75 B)
DEBUG | 2023-05-01 16:19:50 | [Test worker] client.Util:120 | --> [0201000046304402207B664C82401B6F8D0172AA28CAA5CB7C8B8FE67381352E490F5AD80D1C10CED50220709E7BFA303CD1188ED8AF9D2766C2D5FDA0263EEB0E2F4460A41BBEB53E402A] (75 B)
DEBUG | 2023-05-01 16:19:50 | [Test worker] client.Util:130 | <-- 9000
DEBUG | 2023-05-01 16:19:50 | [Test worker] client.Util:130 | <-- 9000
DEBUG | 2023-05-01 16:19:50 | [Test worker] client.Util:133 | Elapsed time 1 ms
DEBUG | 2023-05-01 16:19:50 | [Test worker] client.Util:120 | --> [0202000000] (5 B)
DEBUG | 2023-05-01 16:19:50 | [Test worker] client.Util:120 | --> [0202000000] (5 B)
DEBUG | 2023-05-01 16:19:50 | [Test worker] client.Util:130 | <-- 9000
DEBUG | 2023-05-01 16:19:50 | [Test worker] client.Util:130 | <-- 9000
DEBUG | 2023-05-01 16:19:50 | [Test worker] client.Util:120 | --> [0200010000] (5 B)
DEBUG | 2023-05-01 16:19:50 | [Test worker] client.Util:120 | --> [0200010000] (5 B)
DEBUG | 2023-05-01 16:19:50 | [Test worker] client.Util:130 | <-- 9000
DEBUG | 2023-05-01 16:19:50 | [Test worker] client.Util:130 | <-- 9000
DEBUG | 2023-05-01 16:19:50 | [Test worker] client.Util:133 | Elapsed time 1 ms
DEBUG | 2023-05-01 16:19:50 | [Test worker] client.Util:120 | --> [02010100040000FFFF] (9 B)
DEBUG | 2023-05-01 16:19:50 | [Test worker] client.Util:120 | --> [02010100040000FFFF] (9 B)
DEBUG | 2023-05-01 16:19:50 | [Test worker] client.Util:130 | <-- 9000
DEBUG | 2023-05-01 16:19:50 | [Test worker] client.Util:130 | <-- 9000
DEBUG | 2023-05-01 16:19:50 | [Test worker] client.Util:133 | Elapsed time 1 ms
DEBUG | 2023-05-01 16:19:50 | [Test worker] client.Util:120 | --> [0202010000] (5 B)
DEBUG | 2023-05-01 16:19:50 | [Test worker] client.Util:120 | --> [0202010000] (5 B)
DEBUG | 2023-05-01 16:19:50 | [Test worker] client.Util:130 | <-- 9000
DEBUG | 2023-05-01 16:19:50 | [Test worker] client.Util:130 | <-- 9000
DEBUG | 2023-05-01 16:19:50 | [Test worker] client.Util:133 | Elapsed time 1 ms
DEBUG | 2023-05-01 16:19:50 | [Test worker] client.Util:120 | --> [1000000000] (5 B)
DEBUG | 2023-05-01 16:19:50 | [Test worker] client.Util:120 | --> [1000000000] (5 B)
getInstance of assymetric algo: 17
getInstance of assymetric algo: 17 is OK!
DEBUG | 2023-05-01 16:19:51 | [Test worker] client.Util:127 | <-- 00000000 9000 (4 B)
DEBUG | 2023-05-01 16:19:51 | [Test worker] client.Util:127 | <-- 00000000 9000 (4 B)
DEBUG | 2023-05-01 16:19:51 | [Test worker] client.Util:133 | Elapsed time 29 ms
DEBUG | 2023-05-01 16:19:51 | [Test worker] client.Util:120 | --> [0200000000] (5 B)
DEBUG | 2023-05-01 16:19:51 | [Test worker] client.Util:120 | --> [0200000000] (5 B)
DEBUG | 2023-05-01 16:19:51 | [Test worker] client.Util:130 | <-- 9000
DEBUG | 2023-05-01 16:19:51 | [Test worker] client.Util:130 | <-- 9000
DEBUG | 2023-05-01 16:19:51 | [Test worker] client.Util:120 | --> [02010000463044022055419D74C722EB462A6CDD289293917A9415BC891074EB9CD36E9BB7675D621302205CDAA3BB7952D2C737C8BBD7A599FE6F9F26B8F071228A82D37DDDFA61E4C685] (75 B)
DEBUG | 2023-05-01 16:19:51 | [Test worker] client.Util:120 | --> [02010000463044022055419D74C722EB462A6CDD289293917A9415BC891074EB9CD36E9BB7675D621302205CDAA3BB7952D2C737C8BBD7A599FE6F9F26B8F071228A82D37DDDFA61E4C685] (75 B)
DEBUG | 2023-05-01 16:19:51 | [Test worker] client.Util:130 | <-- 9000
DEBUG | 2023-05-01 16:19:51 | [Test worker] client.Util:130 | <-- 9000
DEBUG | 2023-05-01 16:19:51 | [Test worker] client.Util:133 | Elapsed time 1 ms
DEBUG | 2023-05-01 16:19:51 | [Test worker] client.Util:120 | --> [0202000000] (5 B)
DEBUG | 2023-05-01 16:19:51 | [Test worker] client.Util:120 | --> [0202000000] (5 B)
DEBUG | 2023-05-01 16:19:51 | [Test worker] client.Util:130 | <-- 9000
DEBUG | 2023-05-01 16:19:51 | [Test worker] client.Util:130 | <-- 9000
DEBUG | 2023-05-01 16:19:51 | [Test worker] client.Util:133 | Elapsed time 1 ms
DEBUG | 2023-05-01 16:19:51 | [Test worker] client.Util:120 | --> [0200010000] (5 B)
DEBUG | 2023-05-01 16:19:51 | [Test worker] client.Util:120 | --> [0200010000] (5 B)
DEBUG | 2023-05-01 16:19:51 | [Test worker] client.Util:130 | <-- 9000
DEBUG | 2023-05-01 16:19:51 | [Test worker] client.Util:130 | <-- 9000
DEBUG | 2023-05-01 16:19:51 | [Test worker] client.Util:133 | Elapsed time 1 ms
DEBUG | 2023-05-01 16:19:51 | [Test worker] client.Util:120 | --> [02010100040000FFFF] (9 B)
DEBUG | 2023-05-01 16:19:51 | [Test worker] client.Util:120 | --> [02010100040000FFFF] (9 B)
DEBUG | 2023-05-01 16:19:51 | [Test worker] client.Util:130 | <-- 9000
DEBUG | 2023-05-01 16:19:51 | [Test worker] client.Util:130 | <-- 9000
DEBUG | 2023-05-01 16:19:51 | [Test worker] client.Util:133 | Elapsed time 1 ms
DEBUG | 2023-05-01 16:19:51 | [Test worker] client.Util:120 | --> [0202010000] (5 B)
DEBUG | 2023-05-01 16:19:51 | [Test worker] client.Util:120 | --> [0202010000] (5 B)
DEBUG | 2023-05-01 16:19:51 | [Test worker] client.Util:130 | <-- 9000
DEBUG | 2023-05-01 16:19:51 | [Test worker] client.Util:130 | <-- 9000
DEBUG | 2023-05-01 16:19:51 | [Test worker] client.Util:120 | --> [1000000000] (5 B)
DEBUG | 2023-05-01 16:19:51 | [Test worker] client.Util:120 | --> [1000000000] (5 B)
getInstance of assymetric algo: 17
getInstance of assymetric algo: 17 is OK!
DEBUG | 2023-05-01 16:19:51 | [Test worker] client.Util:127 | <-- 00000000 9000 (4 B)
DEBUG | 2023-05-01 16:19:51 | [Test worker] client.Util:127 | <-- 00000000 9000 (4 B)
DEBUG | 2023-05-01 16:19:51 | [Test worker] client.Util:133 | Elapsed time 28 ms
DEBUG | 2023-05-01 16:19:51 | [Test worker] client.Util:120 | --> [0200000000] (5 B)
DEBUG | 2023-05-01 16:19:51 | [Test worker] client.Util:120 | --> [0200000000] (5 B)
DEBUG | 2023-05-01 16:19:51 | [Test worker] client.Util:130 | <-- 9000
DEBUG | 2023-05-01 16:19:51 | [Test worker] client.Util:130 | <-- 9000
DEBUG | 2023-05-01 16:19:51 | [Test worker] client.Util:120 | --> [0201000008EE5FEA0B00000000] (13 B)
DEBUG | 2023-05-01 16:19:51 | [Test worker] client.Util:120 | --> [0201000008EE5FEA0B00000000] (13 B)
DEBUG | 2023-05-01 16:19:51 | [Test worker] client.Util:130 | <-- 9000
DEBUG | 2023-05-01 16:19:51 | [Test worker] client.Util:130 | <-- 9000
DEBUG | 2023-05-01 16:19:51 | [Test worker] client.Util:120 | --> [0202000000] (5 B)
DEBUG | 2023-05-01 16:19:51 | [Test worker] client.Util:120 | --> [0202000000] (5 B)
DEBUG | 2023-05-01 16:19:51 | [Test worker] client.Util:130 | <-- 9000
DEBUG | 2023-05-01 16:19:51 | [Test worker] client.Util:130 | <-- 9000
DEBUG | 2023-05-01 16:19:51 | [Test worker] client.Util:120 | --> [0100000000] (5 B)
DEBUG | 2023-05-01 16:19:51 | [Test worker] client.Util:120 | --> [0100000000] (5 B)
DEBUG | 2023-05-01 16:19:51 | [Test worker] client.Util:130 | <-- 9000
DEBUG | 2023-05-01 16:19:51 | [Test worker] client.Util:130 | <-- 9000
DEBUG | 2023-05-01 16:19:51 | [Test worker] client.Util:133 | Elapsed time 1 ms
DEBUG | 2023-05-01 16:19:51 | [Test worker] client.Util:120 | --> [010100000500000D0100] (10 B)
DEBUG | 2023-05-01 16:19:51 | [Test worker] client.Util:120 | --> [010100000500000D0100] (10 B)
DEBUG | 2023-05-01 16:19:51 | [Test worker] client.Util:130 | <-- 9000
DEBUG | 2023-05-01 16:19:51 | [Test worker] client.Util:130 | <-- 9000
DEBUG | 2023-05-01 16:19:51 | [Test worker] client.Util:133 | Elapsed time 1 ms
DEBUG | 2023-05-01 16:19:51 | [Test worker] client.Util:120 | --> [0102000000] (5 B)
DEBUG | 2023-05-01 16:19:51 | [Test worker] client.Util:120 | --> [0102000000] (5 B)
DEBUG | 2023-05-01 16:19:51 | [Test worker] client.Util:130 | <-- 9000
DEBUG | 2023-05-01 16:19:51 | [Test worker] client.Util:130 | <-- 9000
DEBUG | 2023-05-01 16:19:51 | [Test worker] client.Util:120 | --> [0000000000] (5 B)
DEBUG | 2023-05-01 16:19:51 | [Test worker] client.Util:120 | --> [0000000000] (5 B)
DEBUG | 2023-05-01 16:19:51 | [Test worker] client.Util:130 | <-- 9000
DEBUG | 2023-05-01 16:19:51 | [Test worker] client.Util:130 | <-- 9000
DEBUG | 2023-05-01 16:19:51 | [Test worker] client.Util:120 | --> [00010000FA70736274FF0100750200000001268171371EDFF285E937ADEEA4B37B78000C0566CBB3AD64641713CA42171BF60000000000FEFFFFFF02D3DFF505000000001976A914D0C59903C5BAC2868760E90FD521A4665AA7652088AC00E1F5050000000017A9143545E6E33B832C47050F24D3EEB93C9C03948BC787B32E1300000100FDA5010100000000010289A3C71EAB4D20E0371BBBA4CC698FA295C9463AFA2E397F8533CCB62F9567E50100000017160014BE18D152A9B012039DAF3DA7DE4F53349EECB985FFFFFFFF86F8AA43A71DFF1448893A530A7237EF6B4608BBB2DD2D0171E63AEC6A4890B40100000017160014FE3E9EF1A745E974] (255 B)
DEBUG | 2023-05-01 16:19:51 | [Test worker] client.Util:120 | --> [00010000FA70736274FF0100750200000001268171371EDFF285E937ADEEA4B37B78000C0566CBB3AD64641713CA42171BF60000000000FEFFFFFF02D3DFF505000000001976A914D0C59903C5BAC2868760E90FD521A4665AA7652088AC00E1F5050000000017A9143545E6E33B832C47050F24D3EEB93C9C03948BC787B32E1300000100FDA5010100000000010289A3C71EAB4D20E0371BBBA4CC698FA295C9463AFA2E397F8533CCB62F9567E50100000017160014BE18D152A9B012039DAF3DA7DE4F53349EECB985FFFFFFFF86F8AA43A71DFF1448893A530A7237EF6B4608BBB2DD2D0171E63AEC6A4890B40100000017160014FE3E9EF1A745E974] (255 B)
DEBUG | 2023-05-01 16:19:51 | [Test worker] client.Util:130 | <-- 9000
DEBUG | 2023-05-01 16:19:51 | [Test worker] client.Util:130 | <-- 9000
DEBUG | 2023-05-01 16:19:51 | [Test worker] client.Util:133 | Elapsed time 2 ms
DEBUG | 2023-05-01 16:19:51 | [Test worker] client.Util:120 | --> [00010000FAD902C4355943ABCB34BD5353FFFFFFFF0200C2EB0B000000001976A91485CFF1097FD9E008BB34AF709C62197B38978A4888AC72FEF84E2C00000017A914339725BA21EFD62AC753A9BCD067D6C7A6A39D05870247304402202712BE22E0270F394F568311DC7CA9A68970B8025FDD3B240229F07F8A5F3A240220018B38D7DCD314E734C9276BD6FB40F673325BC4BAA144C800D2F2F02DB2765C012103D2E15674941BAD4A996372CB87E1856D3652606D98562FE39C5E9E7E413F210502483045022100D12B852D85DCD961D2F5F4AB660654DF6EEDCC794C0C33CE5CC309FFB5FCE58D022067338A8E0E1725C197FB1A88AF59F51E44E425] (255 B)
DEBUG | 2023-05-01 16:19:51 | [Test worker] client.Util:120 | --> [00010000FAD902C4355943ABCB34BD5353FFFFFFFF0200C2EB0B000000001976A91485CFF1097FD9E008BB34AF709C62197B38978A4888AC72FEF84E2C00000017A914339725BA21EFD62AC753A9BCD067D6C7A6A39D05870247304402202712BE22E0270F394F568311DC7CA9A68970B8025FDD3B240229F07F8A5F3A240220018B38D7DCD314E734C9276BD6FB40F673325BC4BAA144C800D2F2F02DB2765C012103D2E15674941BAD4A996372CB87E1856D3652606D98562FE39C5E9E7E413F210502483045022100D12B852D85DCD961D2F5F4AB660654DF6EEDCC794C0C33CE5CC309FFB5FCE58D022067338A8E0E1725C197FB1A88AF59F51E44E425] (255 B)
DEBUG | 2023-05-01 16:19:51 | [Test worker] client.Util:130 | <-- 9000
DEBUG | 2023-05-01 16:19:51 | [Test worker] client.Util:130 | <-- 9000
DEBUG | 2023-05-01 16:19:51 | [Test worker] client.Util:133 | Elapsed time 1 ms
DEBUG | 2023-05-01 16:19:51 | [Test worker] client.Util:120 | --> [00010000375B20167C8684031C05D1F2592A01210223B72BEEF0965D10BE0778EFECD61FCAC6F79A4EA169393380734464F84F2AB300000000000000] (60 B)
DEBUG | 2023-05-01 16:19:51 | [Test worker] client.Util:120 | --> [00010000375B20167C8684031C05D1F2592A01210223B72BEEF0965D10BE0778EFECD61FCAC6F79A4EA169393380734464F84F2AB300000000000000] (60 B)
DEBUG | 2023-05-01 16:19:51 | [Test worker] client.Util:130 | <-- 9000
DEBUG | 2023-05-01 16:19:51 | [Test worker] client.Util:130 | <-- 9000
DEBUG | 2023-05-01 16:19:51 | [Test worker] client.Util:133 | Elapsed time 1 ms
DEBUG | 2023-05-01 16:19:51 | [Test worker] client.Util:120 | --> [0002000000] (5 B)
DEBUG | 2023-05-01 16:19:51 | [Test worker] client.Util:120 | --> [0002000000] (5 B)
DEBUG | 2023-05-01 16:19:51 | [Test worker] client.Util:130 | <-- 9000
DEBUG | 2023-05-01 16:19:51 | [Test worker] client.Util:130 | <-- 9000
DEBUG | 2023-05-01 16:19:51 | [Test worker] client.Util:120 | --> [1000000000] (5 B)
DEBUG | 2023-05-01 16:19:51 | [Test worker] client.Util:120 | --> [1000000000] (5 B)
DEBUG | 2023-05-01 16:19:51 | [Test worker] client.Util:127 | <-- 00000000 9000 (4 B)
DEBUG | 2023-05-01 16:19:51 | [Test worker] client.Util:127 | <-- 00000000 9000 (4 B)
DEBUG | 2023-05-01 16:19:51 | [Test worker] client.Util:133 | Elapsed time 1 ms
DEBUG | 2023-05-01 16:19:51 | [Test worker] client.Util:120 | --> [0000000000] (5 B)
DEBUG | 2023-05-01 16:19:51 | [Test worker] client.Util:120 | --> [0000000000] (5 B)
DEBUG | 2023-05-01 16:19:51 | [Test worker] client.Util:130 | <-- 9000
DEBUG | 2023-05-01 16:19:51 | [Test worker] client.Util:130 | <-- 9000
DEBUG | 2023-05-01 16:19:51 | [Test worker] client.Util:133 | Elapsed time 1 ms
DEBUG | 2023-05-01 16:19:51 | [Test worker] client.Util:120 | --> [00010000FA70736274FF0100A00200000002AB0949A08C5AF7C49B8212F417E2F15AB3F5C33DCF153821A8139F877A5B7BE40000000000FEFFFFFFAB0949A08C5AF7C49B8212F417E2F15AB3F5C33DCF153821A8139F877A5B7BE40100000000FEFFFFFF02603BEA0B000000001976A914768A40BBD740CBE81D988E71DE2A4D5C71396B1D88AC8E240000000000001976A9146F4620B553FA095E721B9EE0EFE9FA039CCA459788AC000000000001076A47304402204759661797C01B036B25928948686218347D89864B719E1F7FCF57D1E511658702205309EABF56AA4D8891FFD111FDF1336F3A29DA866D7F8486D75546CEEDAF93190121035CDC61FC] (255 B)
DEBUG | 2023-05-01 16:19:51 | [Test worker] client.Util:120 | --> [00010000FA70736274FF0100A00200000002AB0949A08C5AF7C49B8212F417E2F15AB3F5C33DCF153821A8139F877A5B7BE40000000000FEFFFFFFAB0949A08C5AF7C49B8212F417E2F15AB3F5C33DCF153821A8139F877A5B7BE40100000000FEFFFFFF02603BEA0B000000001976A914768A40BBD740CBE81D988E71DE2A4D5C71396B1D88AC8E240000000000001976A9146F4620B553FA095E721B9EE0EFE9FA039CCA459788AC000000000001076A47304402204759661797C01B036B25928948686218347D89864B719E1F7FCF57D1E511658702205309EABF56AA4D8891FFD111FDF1336F3A29DA866D7F8486D75546CEEDAF93190121035CDC61FC] (255 B)
DEBUG | 2023-05-01 16:19:51 | [Test worker] client.Util:130 | <-- 9000
DEBUG | 2023-05-01 16:19:51 | [Test worker] client.Util:130 | <-- 9000
DEBUG | 2023-05-01 16:19:51 | [Test worker] client.Util:133 | Elapsed time 2 ms
DEBUG | 2023-05-01 16:19:51 | [Test worker] client.Util:120 | --> [000100005C7BA971C0B501A646A2A83B102CB43881217CA682DC86E2D73FA882920001012000E1F5050000000017A9143545E6E33B832C47050F24D3EEB93C9C03948BC787010416001485D13537F2E265405A34DBAFA9E3DDA01FB82308000000] (97 B)
DEBUG | 2023-05-01 16:19:51 | [Test worker] client.Util:120 | --> [000100005C7BA971C0B501A646A2A83B102CB43881217CA682DC86E2D73FA882920001012000E1F5050000000017A9143545E6E33B832C47050F24D3EEB93C9C03948BC787010416001485D13537F2E265405A34DBAFA9E3DDA01FB82308000000] (97 B)
DEBUG | 2023-05-01 16:19:51 | [Test worker] client.Util:130 | <-- 9000
DEBUG | 2023-05-01 16:19:51 | [Test worker] client.Util:130 | <-- 9000
DEBUG | 2023-05-01 16:19:51 | [Test worker] client.Util:133 | Elapsed time 1 ms
DEBUG | 2023-05-01 16:19:51 | [Test worker] client.Util:120 | --> [0002000000] (5 B)
DEBUG | 2023-05-01 16:19:51 | [Test worker] client.Util:120 | --> [0002000000] (5 B)
DEBUG | 2023-05-01 16:19:51 | [Test worker] client.Util:130 | <-- 9000
DEBUG | 2023-05-01 16:19:51 | [Test worker] client.Util:130 | <-- 9000
DEBUG | 2023-05-01 16:19:51 | [Test worker] client.Util:120 | --> [1000000000] (5 B)
DEBUG | 2023-05-01 16:19:51 | [Test worker] client.Util:120 | --> [1000000000] (5 B)
DEBUG | 2023-05-01 16:19:51 | [Test worker] client.Util:127 | <-- 00010000 9000 (4 B)
DEBUG | 2023-05-01 16:19:51 | [Test worker] client.Util:127 | <-- 00010000 9000 (4 B)
DEBUG | 2023-05-01 16:19:51 | [Test worker] client.Util:133 | Elapsed time 1 ms
DEBUG | 2023-05-01 16:19:51 | [Test worker] client.Util:120 | --> [0200000000] (5 B)
DEBUG | 2023-05-01 16:19:51 | [Test worker] client.Util:120 | --> [0200000000] (5 B)
DEBUG | 2023-05-01 16:19:51 | [Test worker] client.Util:130 | <-- 9000
DEBUG | 2023-05-01 16:19:51 | [Test worker] client.Util:130 | <-- 9000
DEBUG | 2023-05-01 16:19:51 | [Test worker] client.Util:133 | Elapsed time 1 ms
DEBUG | 2023-05-01 16:19:51 | [Test worker] client.Util:120 | --> [0201000008603BEA0B00000000] (13 B)
DEBUG | 2023-05-01 16:19:51 | [Test worker] client.Util:120 | --> [0201000008603BEA0B00000000] (13 B)
DEBUG | 2023-05-01 16:19:51 | [Test worker] client.Util:130 | <-- 9000
DEBUG | 2023-05-01 16:19:51 | [Test worker] client.Util:130 | <-- 9000
DEBUG | 2023-05-01 16:19:51 | [Test worker] client.Util:120 | --> [0202000000] (5 B)
DEBUG | 2023-05-01 16:19:51 | [Test worker] client.Util:120 | --> [0202000000] (5 B)
DEBUG | 2023-05-01 16:19:51 | [Test worker] client.Util:130 | <-- 9000
DEBUG | 2023-05-01 16:19:51 | [Test worker] client.Util:130 | <-- 9000
DEBUG | 2023-05-01 16:19:51 | [Test worker] client.Util:120 | --> [0200010000] (5 B)
DEBUG | 2023-05-01 16:19:51 | [Test worker] client.Util:120 | --> [0200010000] (5 B)
DEBUG | 2023-05-01 16:19:51 | [Test worker] client.Util:130 | <-- 9000
DEBUG | 2023-05-01 16:19:51 | [Test worker] client.Util:130 | <-- 9000
DEBUG | 2023-05-01 16:19:51 | [Test worker] client.Util:120 | --> [020101001976A914768A40BBD740CBE81D988E71DE2A4D5C71396B1D88AC] (30 B)
DEBUG | 2023-05-01 16:19:51 | [Test worker] client.Util:120 | --> [020101001976A914768A40BBD740CBE81D988E71DE2A4D5C71396B1D88AC] (30 B)
DEBUG | 2023-05-01 16:19:51 | [Test worker] client.Util:130 | <-- 9000
DEBUG | 2023-05-01 16:19:51 | [Test worker] client.Util:130 | <-- 9000
DEBUG | 2023-05-01 16:19:51 | [Test worker] client.Util:133 | Elapsed time 1 ms
DEBUG | 2023-05-01 16:19:51 | [Test worker] client.Util:120 | --> [0202010000] (5 B)
DEBUG | 2023-05-01 16:19:51 | [Test worker] client.Util:120 | --> [0202010000] (5 B)
DEBUG | 2023-05-01 16:19:51 | [Test worker] client.Util:130 | <-- 9000
DEBUG | 2023-05-01 16:19:51 | [Test worker] client.Util:130 | <-- 9000
DEBUG | 2023-05-01 16:19:51 | [Test worker] client.Util:120 | --> [0100000000] (5 B)
DEBUG | 2023-05-01 16:19:51 | [Test worker] client.Util:120 | --> [0100000000] (5 B)
DEBUG | 2023-05-01 16:19:51 | [Test worker] client.Util:130 | <-- 9000
DEBUG | 2023-05-01 16:19:51 | [Test worker] client.Util:130 | <-- 9000
DEBUG | 2023-05-01 16:19:51 | [Test worker] client.Util:120 | --> [0101000003020001] (8 B)
DEBUG | 2023-05-01 16:19:51 | [Test worker] client.Util:120 | --> [0101000003020001] (8 B)
DEBUG | 2023-05-01 16:19:51 | [Test worker] client.Util:130 | <-- 9000
DEBUG | 2023-05-01 16:19:51 | [Test worker] client.Util:130 | <-- 9000
DEBUG | 2023-05-01 16:19:51 | [Test worker] client.Util:133 | Elapsed time 1 ms
DEBUG | 2023-05-01 16:19:51 | [Test worker] client.Util:120 | --> [0102000000] (5 B)
DEBUG | 2023-05-01 16:19:51 | [Test worker] client.Util:120 | --> [0102000000] (5 B)
DEBUG | 2023-05-01 16:19:51 | [Test worker] client.Util:130 | <-- 9000
DEBUG | 2023-05-01 16:19:51 | [Test worker] client.Util:130 | <-- 9000
DEBUG | 2023-05-01 16:19:51 | [Test worker] client.Util:120 | --> [0000000000] (5 B)
DEBUG | 2023-05-01 16:19:51 | [Test worker] client.Util:120 | --> [0000000000] (5 B)
DEBUG | 2023-05-01 16:19:51 | [Test worker] client.Util:130 | <-- 9000
DEBUG | 2023-05-01 16:19:51 | [Test worker] client.Util:130 | <-- 9000
DEBUG | 2023-05-01 16:19:51 | [Test worker] client.Util:120 | --> [00010000FA70736274FF0100750200000001268171371EDFF285E937ADEEA4B37B78000C0566CBB3AD64641713CA42171BF60000000000FEFFFFFF02D3DFF505000000001976A914D0C59903C5BAC2868760E90FD521A4665AA7652088AC00E1F5050000000017A9143545E6E33B832C47050F24D3EEB93C9C03948BC787B32E1300000100FDA5010100000000010289A3C71EAB4D20E0371BBBA4CC698FA295C9463AFA2E397F8533CCB62F9567E50100000017160014BE18D152A9B012039DAF3DA7DE4F53349EECB985FFFFFFFF86F8AA43A71DFF1448893A530A7237EF6B4608BBB2DD2D0171E63AEC6A4890B40100000017160014FE3E9EF1A745E974] (255 B)
DEBUG | 2023-05-01 16:19:51 | [Test worker] client.Util:120 | --> [00010000FA70736274FF0100750200000001268171371EDFF285E937ADEEA4B37B78000C0566CBB3AD64641713CA42171BF60000000000FEFFFFFF02D3DFF505000000001976A914D0C59903C5BAC2868760E90FD521A4665AA7652088AC00E1F5050000000017A9143545E6E33B832C47050F24D3EEB93C9C03948BC787B32E1300000100FDA5010100000000010289A3C71EAB4D20E0371BBBA4CC698FA295C9463AFA2E397F8533CCB62F9567E50100000017160014BE18D152A9B012039DAF3DA7DE4F53349EECB985FFFFFFFF86F8AA43A71DFF1448893A530A7237EF6B4608BBB2DD2D0171E63AEC6A4890B40100000017160014FE3E9EF1A745E974] (255 B)
DEBUG | 2023-05-01 16:19:51 | [Test worker] client.Util:130 | <-- 9000
DEBUG | 2023-05-01 16:19:51 | [Test worker] client.Util:130 | <-- 9000
DEBUG | 2023-05-01 16:19:51 | [Test worker] client.Util:133 | Elapsed time 1 ms
DEBUG | 2023-05-01 16:19:51 | [Test worker] client.Util:120 | --> [00010000FAD902C4355943ABCB34BD5353FFFFFFFF0200C2EB0B000000001976A91485CFF1097FD9E008BB34AF709C62197B38978A4888AC72FEF84E2C00000017A914339725BA21EFD62AC753A9BCD067D6C7A6A39D05870247304402202712BE22E0270F394F568311DC7CA9A68970B8025FDD3B240229F07F8A5F3A240220018B38D7DCD314E734C9276BD6FB40F673325BC4BAA144C800D2F2F02DB2765C012103D2E15674941BAD4A996372CB87E1856D3652606D98562FE39C5E9E7E413F210502483045022100D12B852D85DCD961D2F5F4AB660654DF6EEDCC794C0C33CE5CC309FFB5FCE58D022067338A8E0E1725C197FB1A88AF59F51E44E425] (255 B)
DEBUG | 2023-05-01 16:19:51 | [Test worker] client.Util:120 | --> [00010000FAD902C4355943ABCB34BD5353FFFFFFFF0200C2EB0B000000001976A91485CFF1097FD9E008BB34AF709C62197B38978A4888AC72FEF84E2C00000017A914339725BA21EFD62AC753A9BCD067D6C7A6A39D05870247304402202712BE22E0270F394F568311DC7CA9A68970B8025FDD3B240229F07F8A5F3A240220018B38D7DCD314E734C9276BD6FB40F673325BC4BAA144C800D2F2F02DB2765C012103D2E15674941BAD4A996372CB87E1856D3652606D98562FE39C5E9E7E413F210502483045022100D12B852D85DCD961D2F5F4AB660654DF6EEDCC794C0C33CE5CC309FFB5FCE58D022067338A8E0E1725C197FB1A88AF59F51E44E425] (255 B)
DEBUG | 2023-05-01 16:19:51 | [Test worker] client.Util:130 | <-- 9000
DEBUG | 2023-05-01 16:19:51 | [Test worker] client.Util:130 | <-- 9000
DEBUG | 2023-05-01 16:19:51 | [Test worker] client.Util:133 | Elapsed time 1 ms
DEBUG | 2023-05-01 16:19:51 | [Test worker] client.Util:120 | --> [00010000375B20167C8684031C05D1F2592A01210223B72BEEF0965D10BE0778EFECD61FCAC6F79A4EA169393380734464F84F2AB300000000000000] (60 B)
DEBUG | 2023-05-01 16:19:51 | [Test worker] client.Util:120 | --> [00010000375B20167C8684031C05D1F2592A01210223B72BEEF0965D10BE0778EFECD61FCAC6F79A4EA169393380734464F84F2AB300000000000000] (60 B)
DEBUG | 2023-05-01 16:19:51 | [Test worker] client.Util:130 | <-- 9000
DEBUG | 2023-05-01 16:19:51 | [Test worker] client.Util:130 | <-- 9000
DEBUG | 2023-05-01 16:19:51 | [Test worker] client.Util:133 | Elapsed time 1 ms
DEBUG | 2023-05-01 16:19:51 | [Test worker] client.Util:120 | --> [0002000000] (5 B)
DEBUG | 2023-05-01 16:19:51 | [Test worker] client.Util:120 | --> [0002000000] (5 B)
DEBUG | 2023-05-01 16:19:51 | [Test worker] client.Util:130 | <-- 9000
DEBUG | 2023-05-01 16:19:51 | [Test worker] client.Util:130 | <-- 9000
DEBUG | 2023-05-01 16:19:51 | [Test worker] client.Util:133 | Elapsed time 1 ms
DEBUG | 2023-05-01 16:19:51 | [Test worker] client.Util:120 | --> [1000000000] (5 B)
DEBUG | 2023-05-01 16:19:51 | [Test worker] client.Util:120 | --> [1000000000] (5 B)
DEBUG | 2023-05-01 16:19:51 | [Test worker] client.Util:127 | <-- 00000000 9000 (4 B)
DEBUG | 2023-05-01 16:19:51 | [Test worker] client.Util:127 | <-- 00000000 9000 (4 B)
DEBUG | 2023-05-01 16:19:51 | [Test worker] client.Util:133 | Elapsed time 1 ms
DEBUG | 2023-05-01 16:19:51 | [Test worker] client.Util:120 | --> [0000000000] (5 B)
DEBUG | 2023-05-01 16:19:51 | [Test worker] client.Util:120 | --> [0000000000] (5 B)
DEBUG | 2023-05-01 16:19:51 | [Test worker] client.Util:130 | <-- 9000
DEBUG | 2023-05-01 16:19:51 | [Test worker] client.Util:130 | <-- 9000
DEBUG | 2023-05-01 16:19:51 | [Test worker] client.Util:120 | --> [00010000FA70736274FF0100A00200000002AB0949A08C5AF7C49B8212F417E2F15AB3F5C33DCF153821A8139F877A5B7BE40000000000FEFFFFFFAB0949A08C5AF7C49B8212F417E2F15AB3F5C33DCF153821A8139F877A5B7BE40100000000FEFFFFFF02603BEA0B000000001976A914768A40BBD740CBE81D988E71DE2A4D5C71396B1D88AC8E240000000000001976A9146F4620B553FA095E721B9EE0EFE9FA039CCA459788AC000000000001076A47304402204759661797C01B036B25928948686218347D89864B719E1F7FCF57D1E511658702205309EABF56AA4D8891FFD111FDF1336F3A29DA866D7F8486D75546CEEDAF93190121035CDC61FC] (255 B)
DEBUG | 2023-05-01 16:19:51 | [Test worker] client.Util:120 | --> [00010000FA70736274FF0100A00200000002AB0949A08C5AF7C49B8212F417E2F15AB3F5C33DCF153821A8139F877A5B7BE40000000000FEFFFFFFAB0949A08C5AF7C49B8212F417E2F15AB3F5C33DCF153821A8139F877A5B7BE40100000000FEFFFFFF02603BEA0B000000001976A914768A40BBD740CBE81D988E71DE2A4D5C71396B1D88AC8E240000000000001976A9146F4620B553FA095E721B9EE0EFE9FA039CCA459788AC000000000001076A47304402204759661797C01B036B25928948686218347D89864B719E1F7FCF57D1E511658702205309EABF56AA4D8891FFD111FDF1336F3A29DA866D7F8486D75546CEEDAF93190121035CDC61FC] (255 B)
DEBUG | 2023-05-01 16:19:51 | [Test worker] client.Util:130 | <-- 9000
DEBUG | 2023-05-01 16:19:51 | [Test worker] client.Util:130 | <-- 9000
DEBUG | 2023-05-01 16:19:51 | [Test worker] client.Util:133 | Elapsed time 1 ms
DEBUG | 2023-05-01 16:19:51 | [Test worker] client.Util:120 | --> [000100005C7BA971C0B501A646A2A83B102CB43881217CA682DC86E2D73FA882920001012000E1F5050000000017A9143545E6E33B832C47050F24D3EEB93C9C03948BC787010416001485D13537F2E265405A34DBAFA9E3DDA01FB82308000000] (97 B)
DEBUG | 2023-05-01 16:19:51 | [Test worker] client.Util:120 | --> [000100005C7BA971C0B501A646A2A83B102CB43881217CA682DC86E2D73FA882920001012000E1F5050000000017A9143545E6E33B832C47050F24D3EEB93C9C03948BC787010416001485D13537F2E265405A34DBAFA9E3DDA01FB82308000000] (97 B)
DEBUG | 2023-05-01 16:19:51 | [Test worker] client.Util:130 | <-- 9000
DEBUG | 2023-05-01 16:19:51 | [Test worker] client.Util:130 | <-- 9000
DEBUG | 2023-05-01 16:19:51 | [Test worker] client.Util:133 | Elapsed time 1 ms
DEBUG | 2023-05-01 16:19:51 | [Test worker] client.Util:120 | --> [0002000000] (5 B)
DEBUG | 2023-05-01 16:19:51 | [Test worker] client.Util:120 | --> [0002000000] (5 B)
DEBUG | 2023-05-01 16:19:51 | [Test worker] client.Util:130 | <-- 9000
DEBUG | 2023-05-01 16:19:51 | [Test worker] client.Util:130 | <-- 9000
DEBUG | 2023-05-01 16:19:51 | [Test worker] client.Util:133 | Elapsed time 1 ms
DEBUG | 2023-05-01 16:19:51 | [Test worker] client.Util:120 | --> [1000000000] (5 B)
DEBUG | 2023-05-01 16:19:51 | [Test worker] client.Util:120 | --> [1000000000] (5 B)
DEBUG | 2023-05-01 16:19:51 | [Test worker] client.Util:127 | <-- 00010000 9000 (4 B)
DEBUG | 2023-05-01 16:19:51 | [Test worker] client.Util:127 | <-- 00010000 9000 (4 B)
DEBUG | 2023-05-01 16:19:51 | [Test worker] client.Util:133 | Elapsed time 1 ms
DEBUG | 2023-05-01 16:19:51 | [Test worker] client.Util:120 | --> [0000000000] (5 B)
DEBUG | 2023-05-01 16:19:51 | [Test worker] client.Util:120 | --> [0000000000] (5 B)
DEBUG | 2023-05-01 16:19:51 | [Test worker] client.Util:130 | <-- 9000
DEBUG | 2023-05-01 16:19:51 | [Test worker] client.Util:130 | <-- 9000
DEBUG | 2023-05-01 16:19:51 | [Test worker] client.Util:133 | Elapsed time 1 ms
DEBUG | 2023-05-01 16:19:51 | [Test worker] client.Util:120 | --> [00010000FA70736274FF0100750200000001268171371EDFF285E937ADEEA4B37B78000C0566CBB3AD64641713CA42171BF60000000000FEFFFFFF02D3DFF505000000001976A914D0C59903C5BAC2868760E90FD521A4665AA7652088AC00E1F5050000000017A9143545E6E33B832C47050F24D3EEB93C9C03948BC787B32E1300000100FDA5010100000000010289A3C71EAB4D20E0371BBBA4CC698FA295C9463AFA2E397F8533CCB62F9567E50100000017160014BE18D152A9B012039DAF3DA7DE4F53349EECB985FFFFFFFF86F8AA43A71DFF1448893A530A7237EF6B4608BBB2DD2D0171E63AEC6A4890B40100000017160014FE3E9EF1A745E974] (255 B)
DEBUG | 2023-05-01 16:19:51 | [Test worker] client.Util:120 | --> [00010000FA70736274FF0100750200000001268171371EDFF285E937ADEEA4B37B78000C0566CBB3AD64641713CA42171BF60000000000FEFFFFFF02D3DFF505000000001976A914D0C59903C5BAC2868760E90FD521A4665AA7652088AC00E1F5050000000017A9143545E6E33B832C47050F24D3EEB93C9C03948BC787B32E1300000100FDA5010100000000010289A3C71EAB4D20E0371BBBA4CC698FA295C9463AFA2E397F8533CCB62F9567E50100000017160014BE18D152A9B012039DAF3DA7DE4F53349EECB985FFFFFFFF86F8AA43A71DFF1448893A530A7237EF6B4608BBB2DD2D0171E63AEC6A4890B40100000017160014FE3E9EF1A745E974] (255 B)
DEBUG | 2023-05-01 16:19:51 | [Test worker] client.Util:130 | <-- 9000
DEBUG | 2023-05-01 16:19:51 | [Test worker] client.Util:130 | <-- 9000
DEBUG | 2023-05-01 16:19:51 | [Test worker] client.Util:133 | Elapsed time 1 ms
DEBUG | 2023-05-01 16:19:51 | [Test worker] client.Util:120 | --> [00010000FAD902C4355943ABCB34BD5353FFFFFFFF0200C2EB0B000000001976A91485CFF1097FD9E008BB34AF709C62197B38978A4888AC72FEF84E2C00000017A914339725BA21EFD62AC753A9BCD067D6C7A6A39D05870247304402202712BE22E0270F394F568311DC7CA9A68970B8025FDD3B240229F07F8A5F3A240220018B38D7DCD314E734C9276BD6FB40F673325BC4BAA144C800D2F2F02DB2765C012103D2E15674941BAD4A996372CB87E1856D3652606D98562FE39C5E9E7E413F210502483045022100D12B852D85DCD961D2F5F4AB660654DF6EEDCC794C0C33CE5CC309FFB5FCE58D022067338A8E0E1725C197FB1A88AF59F51E44E425] (255 B)
DEBUG | 2023-05-01 16:19:51 | [Test worker] client.Util:120 | --> [00010000FAD902C4355943ABCB34BD5353FFFFFFFF0200C2EB0B000000001976A91485CFF1097FD9E008BB34AF709C62197B38978A4888AC72FEF84E2C00000017A914339725BA21EFD62AC753A9BCD067D6C7A6A39D05870247304402202712BE22E0270F394F568311DC7CA9A68970B8025FDD3B240229F07F8A5F3A240220018B38D7DCD314E734C9276BD6FB40F673325BC4BAA144C800D2F2F02DB2765C012103D2E15674941BAD4A996372CB87E1856D3652606D98562FE39C5E9E7E413F210502483045022100D12B852D85DCD961D2F5F4AB660654DF6EEDCC794C0C33CE5CC309FFB5FCE58D022067338A8E0E1725C197FB1A88AF59F51E44E425] (255 B)
DEBUG | 2023-05-01 16:19:51 | [Test worker] client.Util:130 | <-- 9000
DEBUG | 2023-05-01 16:19:51 | [Test worker] client.Util:130 | <-- 9000
DEBUG | 2023-05-01 16:19:51 | [Test worker] client.Util:133 | Elapsed time 1 ms
DEBUG | 2023-05-01 16:19:51 | [Test worker] client.Util:120 | --> [00010000375B20167C8684031C05D1F2592A01210223B72BEEF0965D10BE0778EFECD61FCAC6F79A4EA169393380734464F84F2AB300000000000000] (60 B)
DEBUG | 2023-05-01 16:19:51 | [Test worker] client.Util:120 | --> [00010000375B20167C8684031C05D1F2592A01210223B72BEEF0965D10BE0778EFECD61FCAC6F79A4EA169393380734464F84F2AB300000000000000] (60 B)
DEBUG | 2023-05-01 16:19:51 | [Test worker] client.Util:130 | <-- 9000
DEBUG | 2023-05-01 16:19:51 | [Test worker] client.Util:130 | <-- 9000
DEBUG | 2023-05-01 16:19:51 | [Test worker] client.Util:133 | Elapsed time 1 ms
DEBUG | 2023-05-01 16:19:51 | [Test worker] client.Util:120 | --> [0002000000] (5 B)
DEBUG | 2023-05-01 16:19:51 | [Test worker] client.Util:120 | --> [0002000000] (5 B)
DEBUG | 2023-05-01 16:19:51 | [Test worker] client.Util:130 | <-- 9000
DEBUG | 2023-05-01 16:19:51 | [Test worker] client.Util:130 | <-- 9000
DEBUG | 2023-05-01 16:19:51 | [Test worker] client.Util:133 | Elapsed time 1 ms
DEBUG | 2023-05-01 16:19:51 | [Test worker] client.Util:120 | --> [1000000000] (5 B)
DEBUG | 2023-05-01 16:19:51 | [Test worker] client.Util:120 | --> [1000000000] (5 B)
DEBUG | 2023-05-01 16:19:51 | [Test worker] client.Util:127 | <-- 00000000 9000 (4 B)
DEBUG | 2023-05-01 16:19:51 | [Test worker] client.Util:127 | <-- 00000000 9000 (4 B)
DEBUG | 2023-05-01 16:19:51 | [Test worker] client.Util:133 | Elapsed time 1 ms
DEBUG | 2023-05-01 16:19:51 | [Test worker] client.Util:120 | --> [0200000000] (5 B)
DEBUG | 2023-05-01 16:19:51 | [Test worker] client.Util:120 | --> [0200000000] (5 B)
DEBUG | 2023-05-01 16:19:51 | [Test worker] client.Util:130 | <-- 9000
DEBUG | 2023-05-01 16:19:51 | [Test worker] client.Util:130 | <-- 9000
DEBUG | 2023-05-01 16:19:51 | [Test worker] client.Util:120 | --> [02010000088E24000000000000] (13 B)
DEBUG | 2023-05-01 16:19:51 | [Test worker] client.Util:120 | --> [02010000088E24000000000000] (13 B)
DEBUG | 2023-05-01 16:19:51 | [Test worker] client.Util:130 | <-- 9000
DEBUG | 2023-05-01 16:19:51 | [Test worker] client.Util:130 | <-- 9000
DEBUG | 2023-05-01 16:19:51 | [Test worker] client.Util:133 | Elapsed time 1 ms
DEBUG | 2023-05-01 16:19:51 | [Test worker] client.Util:120 | --> [0202000000] (5 B)
DEBUG | 2023-05-01 16:19:51 | [Test worker] client.Util:120 | --> [0202000000] (5 B)
DEBUG | 2023-05-01 16:19:51 | [Test worker] client.Util:130 | <-- 9000
DEBUG | 2023-05-01 16:19:51 | [Test worker] client.Util:130 | <-- 9000
DEBUG | 2023-05-01 16:19:51 | [Test worker] client.Util:120 | --> [0200010000] (5 B)
DEBUG | 2023-05-01 16:19:51 | [Test worker] client.Util:120 | --> [0200010000] (5 B)
DEBUG | 2023-05-01 16:19:51 | [Test worker] client.Util:130 | <-- 9000
DEBUG | 2023-05-01 16:19:51 | [Test worker] client.Util:130 | <-- 9000
DEBUG | 2023-05-01 16:19:51 | [Test worker] client.Util:120 | --> [020101001976A9146F4620B553FA095E721B9EE0EFE9FA039CCA459788AC] (30 B)
DEBUG | 2023-05-01 16:19:51 | [Test worker] client.Util:120 | --> [020101001976A9146F4620B553FA095E721B9EE0EFE9FA039CCA459788AC] (30 B)
DEBUG | 2023-05-01 16:19:51 | [Test worker] client.Util:130 | <-- 9000
DEBUG | 2023-05-01 16:19:51 | [Test worker] client.Util:130 | <-- 9000
DEBUG | 2023-05-01 16:19:51 | [Test worker] client.Util:133 | Elapsed time 1 ms
DEBUG | 2023-05-01 16:19:51 | [Test worker] client.Util:120 | --> [0202010000] (5 B)
DEBUG | 2023-05-01 16:19:51 | [Test worker] client.Util:120 | --> [0202010000] (5 B)
DEBUG | 2023-05-01 16:19:51 | [Test worker] client.Util:130 | <-- 9000
DEBUG | 2023-05-01 16:19:51 | [Test worker] client.Util:130 | <-- 9000
DEBUG | 2023-05-01 16:19:51 | [Test worker] client.Util:120 | --> [0100000000] (5 B)
DEBUG | 2023-05-01 16:19:51 | [Test worker] client.Util:120 | --> [0100000000] (5 B)
DEBUG | 2023-05-01 16:19:51 | [Test worker] client.Util:130 | <-- 9000
DEBUG | 2023-05-01 16:19:51 | [Test worker] client.Util:130 | <-- 9000
DEBUG | 2023-05-01 16:19:51 | [Test worker] client.Util:120 | --> [0101000003020001] (8 B)
DEBUG | 2023-05-01 16:19:51 | [Test worker] client.Util:120 | --> [0101000003020001] (8 B)
DEBUG | 2023-05-01 16:19:51 | [Test worker] client.Util:130 | <-- 9000
DEBUG | 2023-05-01 16:19:51 | [Test worker] client.Util:130 | <-- 9000
DEBUG | 2023-05-01 16:19:51 | [Test worker] client.Util:133 | Elapsed time 1 ms
DEBUG | 2023-05-01 16:19:51 | [Test worker] client.Util:120 | --> [0102000000] (5 B)
DEBUG | 2023-05-01 16:19:51 | [Test worker] client.Util:120 | --> [0102000000] (5 B)
DEBUG | 2023-05-01 16:19:51 | [Test worker] client.Util:130 | <-- 9000
DEBUG | 2023-05-01 16:19:51 | [Test worker] client.Util:130 | <-- 9000
DEBUG | 2023-05-01 16:19:51 | [Test worker] client.Util:120 | --> [0000000000] (5 B)
DEBUG | 2023-05-01 16:19:51 | [Test worker] client.Util:120 | --> [0000000000] (5 B)
DEBUG | 2023-05-01 16:19:51 | [Test worker] client.Util:130 | <-- 9000
DEBUG | 2023-05-01 16:19:51 | [Test worker] client.Util:130 | <-- 9000
DEBUG | 2023-05-01 16:19:51 | [Test worker] client.Util:120 | --> [00010000FA70736274FF0100750200000001268171371EDFF285E937ADEEA4B37B78000C0566CBB3AD64641713CA42171BF60000000000FEFFFFFF02D3DFF505000000001976A914D0C59903C5BAC2868760E90FD521A4665AA7652088AC00E1F5050000000017A9143545E6E33B832C47050F24D3EEB93C9C03948BC787B32E1300000100FDA5010100000000010289A3C71EAB4D20E0371BBBA4CC698FA295C9463AFA2E397F8533CCB62F9567E50100000017160014BE18D152A9B012039DAF3DA7DE4F53349EECB985FFFFFFFF86F8AA43A71DFF1448893A530A7237EF6B4608BBB2DD2D0171E63AEC6A4890B40100000017160014FE3E9EF1A745E974] (255 B)
DEBUG | 2023-05-01 16:19:51 | [Test worker] client.Util:120 | --> [00010000FA70736274FF0100750200000001268171371EDFF285E937ADEEA4B37B78000C0566CBB3AD64641713CA42171BF60000000000FEFFFFFF02D3DFF505000000001976A914D0C59903C5BAC2868760E90FD521A4665AA7652088AC00E1F5050000000017A9143545E6E33B832C47050F24D3EEB93C9C03948BC787B32E1300000100FDA5010100000000010289A3C71EAB4D20E0371BBBA4CC698FA295C9463AFA2E397F8533CCB62F9567E50100000017160014BE18D152A9B012039DAF3DA7DE4F53349EECB985FFFFFFFF86F8AA43A71DFF1448893A530A7237EF6B4608BBB2DD2D0171E63AEC6A4890B40100000017160014FE3E9EF1A745E974] (255 B)
DEBUG | 2023-05-01 16:19:51 | [Test worker] client.Util:130 | <-- 9000
DEBUG | 2023-05-01 16:19:51 | [Test worker] client.Util:130 | <-- 9000
DEBUG | 2023-05-01 16:19:51 | [Test worker] client.Util:133 | Elapsed time 1 ms
DEBUG | 2023-05-01 16:19:51 | [Test worker] client.Util:120 | --> [00010000FAD902C4355943ABCB34BD5353FFFFFFFF0200C2EB0B000000001976A91485CFF1097FD9E008BB34AF709C62197B38978A4888AC72FEF84E2C00000017A914339725BA21EFD62AC753A9BCD067D6C7A6A39D05870247304402202712BE22E0270F394F568311DC7CA9A68970B8025FDD3B240229F07F8A5F3A240220018B38D7DCD314E734C9276BD6FB40F673325BC4BAA144C800D2F2F02DB2765C012103D2E15674941BAD4A996372CB87E1856D3652606D98562FE39C5E9E7E413F210502483045022100D12B852D85DCD961D2F5F4AB660654DF6EEDCC794C0C33CE5CC309FFB5FCE58D022067338A8E0E1725C197FB1A88AF59F51E44E425] (255 B)
[...]
DEBUG | 2023-05-01 16:19:51 | [Test worker] client.Util:127 | <-- 00010000 9000 (4 B)
DEBUG | 2023-05-01 16:19:51 | [Test worker] client.Util:127 | <-- 00010000 9000 (4 B)
DEBUG | 2023-05-01 16:19:51 | [Test worker] client.Util:120 | --> [1000000000] (5 B)
DEBUG | 2023-05-01 16:19:51 | [Test worker] client.Util:120 | --> [1000000000] (5 B)
DEBUG | 2023-05-01 16:19:51 | [Test worker] client.Util:127 | <-- 00000000 9000 (4 B)
DEBUG | 2023-05-01 16:19:51 | [Test worker] client.Util:127 | <-- 00000000 9000 (4 B)
DEBUG | 2023-05-01 16:19:51 | [Test worker] client.Util:120 | --> [0200080000] (5 B)
DEBUG | 2023-05-01 16:19:51 | [Test worker] client.Util:120 | --> [0200080000] (5 B)
DEBUG | 2023-05-01 16:19:51 | [Test worker] client.Util:130 | <-- 9000
DEBUG | 2023-05-01 16:19:51 | [Test worker] client.Util:130 | <-- 9000
DEBUG | 2023-05-01 16:19:51 | [Test worker] client.Util:120 | --> [020108000388888B] (8 B)
DEBUG | 2023-05-01 16:19:51 | [Test worker] client.Util:120 | --> [020108000388888B] (8 B)
DEBUG | 2023-05-01 16:19:51 | [Test worker] client.Util:130 | <-- 9000
DEBUG | 2023-05-01 16:19:51 | [Test worker] client.Util:130 | <-- 9000
DEBUG | 2023-05-01 16:19:51 | [Test worker] client.Util:120 | --> [0202080000] (5 B)
DEBUG | 2023-05-01 16:19:51 | [Test worker] client.Util:120 | --> [0202080000] (5 B)
DEBUG | 2023-05-01 16:19:51 | [Test worker] client.Util:130 | <-- 9000
DEBUG | 2023-05-01 16:19:51 | [Test worker] client.Util:130 | <-- 9000
DEBUG | 2023-05-01 16:19:51 | [Test worker] client.Util:133 | Elapsed time 1 ms
DEBUG | 2023-05-01 16:19:51 | [Test worker] client.Util:120 | --> [1000000000] (5 B)
DEBUG | 2023-05-01 16:19:51 | [Test worker] client.Util:120 | --> [1000000000] (5 B)
DEBUG | 2023-05-01 16:19:51 | [Test worker] client.Util:127 | <-- 00010000 9000 (4 B)
DEBUG | 2023-05-01 16:19:51 | [Test worker] client.Util:127 | <-- 00010000 9000 (4 B)
DEBUG | 2023-05-01 16:19:51 | [Test worker] client.Util:120 | --> [1000000000] (5 B)
DEBUG | 2023-05-01 16:19:51 | [Test worker] client.Util:120 | --> [1000000000] (5 B)
DEBUG | 2023-05-01 16:19:51 | [Test worker] client.Util:127 | <-- 00000000 9000 (4 B)
DEBUG | 2023-05-01 16:19:51 | [Test worker] client.Util:127 | <-- 00000000 9000 (4 B)
DEBUG | 2023-05-01 16:19:51 | [Test worker] client.Util:120 | --> [0200090000] (5 B)
DEBUG | 2023-05-01 16:19:51 | [Test worker] client.Util:120 | --> [0200090000] (5 B)
DEBUG | 2023-05-01 16:19:51 | [Test worker] client.Util:130 | <-- 9000
DEBUG | 2023-05-01 16:19:51 | [Test worker] client.Util:130 | <-- 9000
DEBUG | 2023-05-01 16:19:51 | [Test worker] client.Util:120 | --> [020109000399999B] (8 B)
DEBUG | 2023-05-01 16:19:51 | [Test worker] client.Util:120 | --> [020109000399999B] (8 B)
DEBUG | 2023-05-01 16:19:51 | [Test worker] client.Util:130 | <-- 9000
DEBUG | 2023-05-01 16:19:51 | [Test worker] client.Util:130 | <-- 9000
DEBUG | 2023-05-01 16:19:51 | [Test worker] client.Util:120 | --> [0202090000] (5 B)
DEBUG | 2023-05-01 16:19:51 | [Test worker] client.Util:120 | --> [0202090000] (5 B)
DEBUG | 2023-05-01 16:19:51 | [Test worker] client.Util:130 | <-- 9000
DEBUG | 2023-05-01 16:19:51 | [Test worker] client.Util:130 | <-- 9000
DEBUG | 2023-05-01 16:19:51 | [Test worker] client.Util:120 | --> [1000000000] (5 B)
DEBUG | 2023-05-01 16:19:51 | [Test worker] client.Util:120 | --> [1000000000] (5 B)
DEBUG | 2023-05-01 16:19:51 | [Test worker] client.Util:127 | <-- 00010000 9000 (4 B)
DEBUG | 2023-05-01 16:19:51 | [Test worker] client.Util:127 | <-- 00010000 9000 (4 B)
DEBUG | 2023-05-01 16:19:51 | [Test worker] client.Util:120 | --> [1000000000] (5 B)
DEBUG | 2023-05-01 16:19:51 | [Test worker] client.Util:120 | --> [1000000000] (5 B)
DEBUG | 2023-05-01 16:19:51 | [Test worker] client.Util:127 | <-- 00000000 9000 (4 B)
DEBUG | 2023-05-01 16:19:51 | [Test worker] client.Util:127 | <-- 00000000 9000 (4 B)
DEBUG | 2023-05-01 16:19:51 | [Test worker] client.Util:133 | Elapsed time 1 ms
DEBUG | 2023-05-01 16:19:51 | [Test worker] client.Util:120 | --> [0200000000] (5 B)
DEBUG | 2023-05-01 16:19:51 | [Test worker] client.Util:120 | --> [0200000000] (5 B)
DEBUG | 2023-05-01 16:19:51 | [Test worker] client.Util:130 | <-- 9000
DEBUG | 2023-05-01 16:19:51 | [Test worker] client.Util:130 | <-- 9000
DEBUG | 2023-05-01 16:19:51 | [Test worker] client.Util:133 | Elapsed time 1 ms
DEBUG | 2023-05-01 16:19:51 | [Test worker] client.Util:120 | --> [020100000A01020304050102030405] (15 B)
DEBUG | 2023-05-01 16:19:51 | [Test worker] client.Util:120 | --> [020100000A01020304050102030405] (15 B)
DEBUG | 2023-05-01 16:19:51 | [Test worker] client.Util:130 | <-- 9000
DEBUG | 2023-05-01 16:19:51 | [Test worker] client.Util:130 | <-- 9000
DEBUG | 2023-05-01 16:19:51 | [Test worker] client.Util:120 | --> [0202000000] (5 B)
DEBUG | 2023-05-01 16:19:51 | [Test worker] client.Util:120 | --> [0202000000] (5 B)
DEBUG | 2023-05-01 16:19:51 | [Test worker] client.Util:130 | <-- 9000
DEBUG | 2023-05-01 16:19:51 | [Test worker] client.Util:130 | <-- 9000
DEBUG | 2023-05-01 16:19:51 | [Test worker] client.Util:120 | --> [0200010000] (5 B)
DEBUG | 2023-05-01 16:19:51 | [Test worker] client.Util:120 | --> [0200010000] (5 B)
DEBUG | 2023-05-01 16:19:51 | [Test worker] client.Util:130 | <-- 9000
DEBUG | 2023-05-01 16:19:51 | [Test worker] client.Util:130 | <-- 9000
DEBUG | 2023-05-01 16:19:51 | [Test worker] client.Util:133 | Elapsed time 1 ms
DEBUG | 2023-05-01 16:19:51 | [Test worker] client.Util:120 | --> [020101000A11111111111111111111] (15 B)
DEBUG | 2023-05-01 16:19:51 | [Test worker] client.Util:120 | --> [020101000A11111111111111111111] (15 B)
DEBUG | 2023-05-01 16:19:51 | [Test worker] client.Util:130 | <-- 9000
DEBUG | 2023-05-01 16:19:51 | [Test worker] client.Util:130 | <-- 9000
DEBUG | 2023-05-01 16:19:51 | [Test worker] client.Util:120 | --> [0202010000] (5 B)
DEBUG | 2023-05-01 16:19:51 | [Test worker] client.Util:120 | --> [0202010000] (5 B)
DEBUG | 2023-05-01 16:19:51 | [Test worker] client.Util:130 | <-- 9000
DEBUG | 2023-05-01 16:19:51 | [Test worker] client.Util:130 | <-- 9000
DEBUG | 2023-05-01 16:19:51 | [Test worker] client.Util:133 | Elapsed time 1 ms
DEBUG | 2023-05-01 16:19:51 | [Test worker] client.Util:120 | --> [0200020000] (5 B)
DEBUG | 2023-05-01 16:19:51 | [Test worker] client.Util:120 | --> [0200020000] (5 B)
DEBUG | 2023-05-01 16:19:51 | [Test worker] client.Util:130 | <-- 9000
DEBUG | 2023-05-01 16:19:51 | [Test worker] client.Util:130 | <-- 9000
DEBUG | 2023-05-01 16:19:51 | [Test worker] client.Util:120 | --> [020102000A33333333333102030405] (15 B)
DEBUG | 2023-05-01 16:19:51 | [Test worker] client.Util:120 | --> [020102000A33333333333102030405] (15 B)
DEBUG | 2023-05-01 16:19:51 | [Test worker] client.Util:130 | <-- 9000
DEBUG | 2023-05-01 16:19:51 | [Test worker] client.Util:130 | <-- 9000
DEBUG | 2023-05-01 16:19:51 | [Test worker] client.Util:120 | --> [0202020000] (5 B)
DEBUG | 2023-05-01 16:19:51 | [Test worker] client.Util:120 | --> [0202020000] (5 B)
DEBUG | 2023-05-01 16:19:51 | [Test worker] client.Util:130 | <-- 9000
DEBUG | 2023-05-01 16:19:51 | [Test worker] client.Util:130 | <-- 9000
DEBUG | 2023-05-01 16:19:51 | [Test worker] client.Util:133 | Elapsed time 1 ms
DEBUG | 2023-05-01 16:19:51 | [Test worker] client.Util:120 | --> [0100000000] (5 B)
DEBUG | 2023-05-01 16:19:51 | [Test worker] client.Util:120 | --> [0100000000] (5 B)
DEBUG | 2023-05-01 16:19:51 | [Test worker] client.Util:130 | <-- 9000
DEBUG | 2023-05-01 16:19:51 | [Test worker] client.Util:130 | <-- 9000
DEBUG | 2023-05-01 16:19:51 | [Test worker] client.Util:120 | --> [010100000E0A000A010D0A010A020D0A000A02] (19 B)
DEBUG | 2023-05-01 16:19:51 | [Test worker] client.Util:120 | --> [010100000E0A000A010D0A010A020D0A000A02] (19 B)
DEBUG | 2023-05-01 16:19:51 | [Test worker] client.Util:130 | <-- 9000
DEBUG | 2023-05-01 16:19:51 | [Test worker] client.Util:130 | <-- 9000
DEBUG | 2023-05-01 16:19:51 | [Test worker] client.Util:120 | --> [0102000000] (5 B)
DEBUG | 2023-05-01 16:19:51 | [Test worker] client.Util:120 | --> [0102000000] (5 B)
DEBUG | 2023-05-01 16:19:51 | [Test worker] client.Util:130 | <-- 9000
DEBUG | 2023-05-01 16:19:51 | [Test worker] client.Util:130 | <-- 9000
DEBUG | 2023-05-01 16:19:51 | [Test worker] client.Util:120 | --> [1000000000] (5 B)
DEBUG | 2023-05-01 16:19:51 | [Test worker] client.Util:120 | --> [1000000000] (5 B)
DEBUG | 2023-05-01 16:19:51 | [Test worker] client.Util:127 | <-- 00000000 9000 (4 B)
DEBUG | 2023-05-01 16:19:51 | [Test worker] client.Util:127 | <-- 00000000 9000 (4 B)
DEBUG | 2023-05-01 16:19:51 | [Test worker] client.Util:120 | --> [0200000000] (5 B)
DEBUG | 2023-05-01 16:19:51 | [Test worker] client.Util:120 | --> [0200000000] (5 B)
DEBUG | 2023-05-01 16:19:51 | [Test worker] client.Util:130 | <-- 9000
DEBUG | 2023-05-01 16:19:51 | [Test worker] client.Util:130 | <-- 9000
DEBUG | 2023-05-01 16:19:51 | [Test worker] client.Util:133 | Elapsed time 1 ms
DEBUG | 2023-05-01 16:19:51 | [Test worker] client.Util:120 | --> [020100000A01020304050102030405] (15 B)
DEBUG | 2023-05-01 16:19:51 | [Test worker] client.Util:120 | --> [020100000A01020304050102030405] (15 B)
DEBUG | 2023-05-01 16:19:51 | [Test worker] client.Util:130 | <-- 9000
DEBUG | 2023-05-01 16:19:51 | [Test worker] client.Util:130 | <-- 9000
DEBUG | 2023-05-01 16:19:51 | [Test worker] client.Util:120 | --> [0202000000] (5 B)
DEBUG | 2023-05-01 16:19:51 | [Test worker] client.Util:120 | --> [0202000000] (5 B)
DEBUG | 2023-05-01 16:19:51 | [Test worker] client.Util:130 | <-- 9000
DEBUG | 2023-05-01 16:19:51 | [Test worker] client.Util:130 | <-- 9000
DEBUG | 2023-05-01 16:19:51 | [Test worker] client.Util:133 | Elapsed time 1 ms
DEBUG | 2023-05-01 16:19:51 | [Test worker] client.Util:120 | --> [1000000000] (5 B)
DEBUG | 2023-05-01 16:19:51 | [Test worker] client.Util:120 | --> [1000000000] (5 B)
DEBUG | 2023-05-01 16:19:51 | [Test worker] client.Util:127 | <-- 00000000 9000 (4 B)
DEBUG | 2023-05-01 16:19:51 | [Test worker] client.Util:127 | <-- 00000000 9000 (4 B)
DEBUG | 2023-05-01 16:19:51 | [Test worker] client.Util:120 | --> [0200010000] (5 B)
DEBUG | 2023-05-01 16:19:51 | [Test worker] client.Util:120 | --> [0200010000] (5 B)
DEBUG | 2023-05-01 16:19:51 | [Test worker] client.Util:130 | <-- 9000
DEBUG | 2023-05-01 16:19:51 | [Test worker] client.Util:130 | <-- 9000
DEBUG | 2023-05-01 16:19:51 | [Test worker] client.Util:120 | --> [020101000A11111111111111111111] (15 B)
DEBUG | 2023-05-01 16:19:51 | [Test worker] client.Util:120 | --> [020101000A11111111111111111111] (15 B)
DEBUG | 2023-05-01 16:19:51 | [Test worker] client.Util:130 | <-- 9000
DEBUG | 2023-05-01 16:19:51 | [Test worker] client.Util:130 | <-- 9000
DEBUG | 2023-05-01 16:19:51 | [Test worker] client.Util:133 | Elapsed time 1 ms
DEBUG | 2023-05-01 16:19:51 | [Test worker] client.Util:120 | --> [0202010000] (5 B)
DEBUG | 2023-05-01 16:19:51 | [Test worker] client.Util:120 | --> [0202010000] (5 B)
DEBUG | 2023-05-01 16:19:51 | [Test worker] client.Util:130 | <-- 9000
DEBUG | 2023-05-01 16:19:51 | [Test worker] client.Util:130 | <-- 9000
DEBUG | 2023-05-01 16:19:51 | [Test worker] client.Util:120 | --> [1000000000] (5 B)
DEBUG | 2023-05-01 16:19:51 | [Test worker] client.Util:120 | --> [1000000000] (5 B)
DEBUG | 2023-05-01 16:19:51 | [Test worker] client.Util:127 | <-- 00000000 9000 (4 B)
DEBUG | 2023-05-01 16:19:51 | [Test worker] client.Util:127 | <-- 00000000 9000 (4 B)
DEBUG | 2023-05-01 16:19:51 | [Test worker] client.Util:133 | Elapsed time 1 ms
DEBUG | 2023-05-01 16:19:51 | [Test worker] client.Util:120 | --> [0200020000] (5 B)
DEBUG | 2023-05-01 16:19:51 | [Test worker] client.Util:120 | --> [0200020000] (5 B)
DEBUG | 2023-05-01 16:19:51 | [Test worker] client.Util:130 | <-- 9000
DEBUG | 2023-05-01 16:19:51 | [Test worker] client.Util:130 | <-- 9000
DEBUG | 2023-05-01 16:19:51 | [Test worker] client.Util:120 | --> [020102000A33333333333102030405] (15 B)
DEBUG | 2023-05-01 16:19:51 | [Test worker] client.Util:120 | --> [020102000A33333333333102030405] (15 B)
DEBUG | 2023-05-01 16:19:51 | [Test worker] client.Util:130 | <-- 9000
DEBUG | 2023-05-01 16:19:51 | [Test worker] client.Util:130 | <-- 9000
DEBUG | 2023-05-01 16:19:51 | [Test worker] client.Util:120 | --> [0202020000] (5 B)
DEBUG | 2023-05-01 16:19:51 | [Test worker] client.Util:120 | --> [0202020000] (5 B)
DEBUG | 2023-05-01 16:19:51 | [Test worker] client.Util:130 | <-- 9000
DEBUG | 2023-05-01 16:19:51 | [Test worker] client.Util:130 | <-- 9000
DEBUG | 2023-05-01 16:19:51 | [Test worker] client.Util:133 | Elapsed time 1 ms
DEBUG | 2023-05-01 16:19:51 | [Test worker] client.Util:120 | --> [1000000000] (5 B)
DEBUG | 2023-05-01 16:19:51 | [Test worker] client.Util:120 | --> [1000000000] (5 B)
DEBUG | 2023-05-01 16:19:51 | [Test worker] client.Util:127 | <-- 00000000 9000 (4 B)
DEBUG | 2023-05-01 16:19:51 | [Test worker] client.Util:127 | <-- 00000000 9000 (4 B)
DEBUG | 2023-05-01 16:19:51 | [Test worker] client.Util:120 | --> [0200000000] (5 B)
DEBUG | 2023-05-01 16:19:51 | [Test worker] client.Util:120 | --> [0200000000] (5 B)
DEBUG | 2023-05-01 16:19:51 | [Test worker] client.Util:130 | <-- 9000
DEBUG | 2023-05-01 16:19:51 | [Test worker] client.Util:130 | <-- 9000
DEBUG | 2023-05-01 16:19:51 | [Test worker] client.Util:120 | --> [020100000A01020304050102030405] (15 B)
DEBUG | 2023-05-01 16:19:51 | [Test worker] client.Util:120 | --> [020100000A01020304050102030405] (15 B)
DEBUG | 2023-05-01 16:19:51 | [Test worker] client.Util:130 | <-- 9000
DEBUG | 2023-05-01 16:19:51 | [Test worker] client.Util:130 | <-- 9000
DEBUG | 2023-05-01 16:19:51 | [Test worker] client.Util:120 | --> [0202000000] (5 B)
DEBUG | 2023-05-01 16:19:51 | [Test worker] client.Util:120 | --> [0202000000] (5 B)
DEBUG | 2023-05-01 16:19:51 | [Test worker] client.Util:130 | <-- 9000
DEBUG | 2023-05-01 16:19:51 | [Test worker] client.Util:130 | <-- 9000
DEBUG | 2023-05-01 16:19:51 | [Test worker] client.Util:120 | --> [0200010000] (5 B)
DEBUG | 2023-05-01 16:19:51 | [Test worker] client.Util:120 | --> [0200010000] (5 B)
DEBUG | 2023-05-01 16:19:51 | [Test worker] client.Util:130 | <-- 9000
DEBUG | 2023-05-01 16:19:51 | [Test worker] client.Util:130 | <-- 9000
DEBUG | 2023-05-01 16:19:51 | [Test worker] client.Util:120 | --> [020101000A11111111111111111111] (15 B)
DEBUG | 2023-05-01 16:19:51 | [Test worker] client.Util:120 | --> [020101000A11111111111111111111] (15 B)
DEBUG | 2023-05-01 16:19:51 | [Test worker] client.Util:130 | <-- 9000
DEBUG | 2023-05-01 16:19:51 | [Test worker] client.Util:130 | <-- 9000
DEBUG | 2023-05-01 16:19:51 | [Test worker] client.Util:120 | --> [0202010000] (5 B)
DEBUG | 2023-05-01 16:19:51 | [Test worker] client.Util:120 | --> [0202010000] (5 B)
DEBUG | 2023-05-01 16:19:51 | [Test worker] client.Util:130 | <-- 9000
DEBUG | 2023-05-01 16:19:51 | [Test worker] client.Util:130 | <-- 9000
DEBUG | 2023-05-01 16:19:51 | [Test worker] client.Util:133 | Elapsed time 1 ms
DEBUG | 2023-05-01 16:19:51 | [Test worker] client.Util:120 | --> [1000000000] (5 B)
DEBUG | 2023-05-01 16:19:51 | [Test worker] client.Util:120 | --> [1000000000] (5 B)
DEBUG | 2023-05-01 16:19:51 | [Test worker] client.Util:127 | <-- 00010000 9000 (4 B)
DEBUG | 2023-05-01 16:19:51 | [Test worker] client.Util:127 | <-- 00010000 9000 (4 B)
DEBUG | 2023-05-01 16:19:51 | [Test worker] client.Util:120 | --> [0200000000] (5 B)
DEBUG | 2023-05-01 16:19:51 | [Test worker] client.Util:120 | --> [0200000000] (5 B)
DEBUG | 2023-05-01 16:19:51 | [Test worker] client.Util:130 | <-- 9000
DEBUG | 2023-05-01 16:19:51 | [Test worker] client.Util:130 | <-- 9000
DEBUG | 2023-05-01 16:19:51 | [Test worker] client.Util:120 | --> [020100000A01020304050102030405] (15 B)
DEBUG | 2023-05-01 16:19:51 | [Test worker] client.Util:120 | --> [020100000A01020304050102030405] (15 B)
DEBUG | 2023-05-01 16:19:51 | [Test worker] client.Util:130 | <-- 9000
DEBUG | 2023-05-01 16:19:51 | [Test worker] client.Util:130 | <-- 9000
DEBUG | 2023-05-01 16:19:51 | [Test worker] client.Util:120 | --> [0202000000] (5 B)
DEBUG | 2023-05-01 16:19:51 | [Test worker] client.Util:120 | --> [0202000000] (5 B)
DEBUG | 2023-05-01 16:19:51 | [Test worker] client.Util:130 | <-- 9000
DEBUG | 2023-05-01 16:19:51 | [Test worker] client.Util:130 | <-- 9000
DEBUG | 2023-05-01 16:19:51 | [Test worker] client.Util:120 | --> [0200020000] (5 B)
DEBUG | 2023-05-01 16:19:51 | [Test worker] client.Util:120 | --> [0200020000] (5 B)
DEBUG | 2023-05-01 16:19:51 | [Test worker] client.Util:130 | <-- 9000
DEBUG | 2023-05-01 16:19:51 | [Test worker] client.Util:130 | <-- 9000
DEBUG | 2023-05-01 16:19:51 | [Test worker] client.Util:120 | --> [020102000A33333333333102030405] (15 B)
DEBUG | 2023-05-01 16:19:51 | [Test worker] client.Util:120 | --> [020102000A33333333333102030405] (15 B)
DEBUG | 2023-05-01 16:19:51 | [Test worker] client.Util:130 | <-- 9000
DEBUG | 2023-05-01 16:19:51 | [Test worker] client.Util:130 | <-- 9000
DEBUG | 2023-05-01 16:19:51 | [Test worker] client.Util:120 | --> [0202020000] (5 B)
DEBUG | 2023-05-01 16:19:51 | [Test worker] client.Util:120 | --> [0202020000] (5 B)
DEBUG | 2023-05-01 16:19:51 | [Test worker] client.Util:130 | <-- 9000
DEBUG | 2023-05-01 16:19:51 | [Test worker] client.Util:130 | <-- 9000
DEBUG | 2023-05-01 16:19:51 | [Test worker] client.Util:120 | --> [1000000000] (5 B)
DEBUG | 2023-05-01 16:19:51 | [Test worker] client.Util:120 | --> [1000000000] (5 B)
DEBUG | 2023-05-01 16:19:51 | [Test worker] client.Util:127 | <-- 00010000 9000 (4 B)
DEBUG | 2023-05-01 16:19:51 | [Test worker] client.Util:127 | <-- 00010000 9000 (4 B)
DEBUG | 2023-05-01 16:19:51 | [Test worker] client.Util:120 | --> [0200010000] (5 B)
DEBUG | 2023-05-01 16:19:51 | [Test worker] client.Util:120 | --> [0200010000] (5 B)
DEBUG | 2023-05-01 16:19:51 | [Test worker] client.Util:130 | <-- 9000
DEBUG | 2023-05-01 16:19:51 | [Test worker] client.Util:130 | <-- 9000
DEBUG | 2023-05-01 16:19:51 | [Test worker] client.Util:120 | --> [020101000A11111111111111111111] (15 B)
DEBUG | 2023-05-01 16:19:51 | [Test worker] client.Util:120 | --> [020101000A11111111111111111111] (15 B)
DEBUG | 2023-05-01 16:19:51 | [Test worker] client.Util:130 | <-- 9000
DEBUG | 2023-05-01 16:19:51 | [Test worker] client.Util:130 | <-- 9000
DEBUG | 2023-05-01 16:19:51 | [Test worker] client.Util:120 | --> [0202010000] (5 B)
DEBUG | 2023-05-01 16:19:51 | [Test worker] client.Util:120 | --> [0202010000] (5 B)
DEBUG | 2023-05-01 16:19:51 | [Test worker] client.Util:130 | <-- 9000
DEBUG | 2023-05-01 16:19:51 | [Test worker] client.Util:130 | <-- 9000
DEBUG | 2023-05-01 16:19:51 | [Test worker] client.Util:120 | --> [0200020000] (5 B)
DEBUG | 2023-05-01 16:19:51 | [Test worker] client.Util:120 | --> [0200020000] (5 B)
DEBUG | 2023-05-01 16:19:51 | [Test worker] client.Util:130 | <-- 9000
DEBUG | 2023-05-01 16:19:51 | [Test worker] client.Util:130 | <-- 9000
DEBUG | 2023-05-01 16:19:51 | [Test worker] client.Util:120 | --> [020102000A33333333333102030405] (15 B)
DEBUG | 2023-05-01 16:19:51 | [Test worker] client.Util:120 | --> [020102000A33333333333102030405] (15 B)
DEBUG | 2023-05-01 16:19:51 | [Test worker] client.Util:130 | <-- 9000
DEBUG | 2023-05-01 16:19:51 | [Test worker] client.Util:130 | <-- 9000
DEBUG | 2023-05-01 16:19:51 | [Test worker] client.Util:120 | --> [0202020000] (5 B)
DEBUG | 2023-05-01 16:19:51 | [Test worker] client.Util:120 | --> [0202020000] (5 B)
DEBUG | 2023-05-01 16:19:51 | [Test worker] client.Util:130 | <-- 9000
DEBUG | 2023-05-01 16:19:51 | [Test worker] client.Util:130 | <-- 9000
DEBUG | 2023-05-01 16:19:51 | [Test worker] client.Util:120 | --> [1000000000] (5 B)
DEBUG | 2023-05-01 16:19:51 | [Test worker] client.Util:120 | --> [1000000000] (5 B)
DEBUG | 2023-05-01 16:19:51 | [Test worker] client.Util:127 | <-- 00010000 9000 (4 B)
DEBUG | 2023-05-01 16:19:51 | [Test worker] client.Util:127 | <-- 00010000 9000 (4 B)
]]></system-out>
  <system-err><![CDATA[]]></system-err>
</testsuite>
